{"C:\\Users\\Leonardo Morabito\\Documents\\Repos\\ParkFinder\\Frontend\\src\\components\\CustomButton.tsx": {"path":"C:\\Users\\Leonardo Morabito\\Documents\\Repos\\ParkFinder\\Frontend\\src\\components\\CustomButton.tsx","statementMap":{"0":{"start":{"line":14,"column":57},"end":{"line":78,"column":1}},"1":{"start":{"line":22,"column":24},"end":{"line":33,"column":3}},"2":{"start":{"line":23,"column":4},"end":{"line":26,"column":5}},"3":{"start":{"line":24,"column":27},"end":{"line":24,"column":97}},"4":{"start":{"line":25,"column":6},"end":{"line":25,"column":69}},"5":{"start":{"line":28,"column":25},"end":{"line":28,"column":43}},"6":{"start":{"line":29,"column":4},"end":{"line":29,"column":64}},"7":{"start":{"line":29,"column":32},"end":{"line":29,"column":64}},"8":{"start":{"line":30,"column":4},"end":{"line":30,"column":55}},"9":{"start":{"line":30,"column":28},"end":{"line":30,"column":55}},"10":{"start":{"line":32,"column":4},"end":{"line":32,"column":50}},"11":{"start":{"line":35,"column":2},"end":{"line":46,"column":3}},"12":{"start":{"line":36,"column":4},"end":{"line":45,"column":6}},"13":{"start":{"line":48,"column":2},"end":{"line":59,"column":3}},"14":{"start":{"line":49,"column":4},"end":{"line":58,"column":6}},"15":{"start":{"line":61,"column":2},"end":{"line":77,"column":4}},"16":{"start":{"line":80,"column":15},"end":{"line":124,"column":2}}},"fnMap":{"0":{"name":"(anonymous_0)","decl":{"start":{"line":14,"column":57},"end":{"line":14,"column":58}},"loc":{"start":{"line":20,"column":6},"end":{"line":78,"column":1}},"line":20},"1":{"name":"(anonymous_1)","decl":{"start":{"line":22,"column":24},"end":{"line":22,"column":25}},"loc":{"start":{"line":22,"column":30},"end":{"line":33,"column":3}},"line":22}},"branchMap":{"0":{"loc":{"start":{"line":18,"column":2},"end":{"line":18,"column":21}},"type":"default-arg","locations":[{"start":{"line":18,"column":12},"end":{"line":18,"column":21}}],"line":18},"1":{"loc":{"start":{"line":19,"column":2},"end":{"line":19,"column":19}},"type":"default-arg","locations":[{"start":{"line":19,"column":14},"end":{"line":19,"column":19}}],"line":19},"2":{"loc":{"start":{"line":23,"column":4},"end":{"line":26,"column":5}},"type":"if","locations":[{"start":{"line":23,"column":4},"end":{"line":26,"column":5}},{"start":{},"end":{}}],"line":23},"3":{"loc":{"start":{"line":24,"column":27},"end":{"line":24,"column":97}},"type":"cond-expr","locations":[{"start":{"line":24,"column":51},"end":{"line":24,"column":74}},{"start":{"line":24,"column":77},"end":{"line":24,"column":97}}],"line":24},"4":{"loc":{"start":{"line":29,"column":4},"end":{"line":29,"column":64}},"type":"if","locations":[{"start":{"line":29,"column":4},"end":{"line":29,"column":64}},{"start":{},"end":{}}],"line":29},"5":{"loc":{"start":{"line":30,"column":4},"end":{"line":30,"column":55}},"type":"if","locations":[{"start":{"line":30,"column":4},"end":{"line":30,"column":55}},{"start":{},"end":{}}],"line":30},"6":{"loc":{"start":{"line":35,"column":2},"end":{"line":46,"column":3}},"type":"if","locations":[{"start":{"line":35,"column":2},"end":{"line":46,"column":3}},{"start":{},"end":{}}],"line":35},"7":{"loc":{"start":{"line":48,"column":2},"end":{"line":59,"column":3}},"type":"if","locations":[{"start":{"line":48,"column":2},"end":{"line":59,"column":3}},{"start":{},"end":{}}],"line":48}},"s":{"0":1,"1":5,"2":5,"3":1,"4":1,"5":4,"6":4,"7":1,"8":4,"9":1,"10":4,"11":5,"12":1,"13":4,"14":1,"15":3,"16":1},"f":{"0":5,"1":5},"b":{"0":[2],"1":[4],"2":[1,4],"3":[1,0],"4":[1,3],"5":[1,3],"6":[1,4],"7":[1,3]},"_coverageSchema":"1a1c01bbd47fc00a2c39e90264f33305004495a9","hash":"1b5e833401d4633e566bff3fbcec6c1a8041bebc"}
,"C:\\Users\\Leonardo Morabito\\Documents\\Repos\\ParkFinder\\Frontend\\src\\hooks\\useSocialAuth.ts": {"path":"C:\\Users\\Leonardo Morabito\\Documents\\Repos\\ParkFinder\\Frontend\\src\\hooks\\useSocialAuth.ts","statementMap":{"0":{"start":{"line":9,"column":0},"end":{"line":9,"column":38}},"1":{"start":{"line":14,"column":0},"end":{"line":22,"column":1}},"2":{"start":{"line":15,"column":2},"end":{"line":19,"column":5}},"3":{"start":{"line":21,"column":2},"end":{"line":21,"column":58}},"4":{"start":{"line":24,"column":29},"end":{"line":161,"column":1}},"5":{"start":{"line":25,"column":26},"end":{"line":25,"column":35}},"6":{"start":{"line":26,"column":48},"end":{"line":26,"column":63}},"7":{"start":{"line":27,"column":46},"end":{"line":27,"column":61}},"8":{"start":{"line":30,"column":43},"end":{"line":34,"column":4}},"9":{"start":{"line":36,"column":2},"end":{"line":40,"column":17}},"10":{"start":{"line":37,"column":4},"end":{"line":39,"column":5}},"11":{"start":{"line":38,"column":6},"end":{"line":38,"column":41}},"12":{"start":{"line":42,"column":35},"end":{"line":66,"column":3}},"13":{"start":{"line":43,"column":31},"end":{"line":43,"column":34}},"14":{"start":{"line":44,"column":4},"end":{"line":44,"column":29}},"15":{"start":{"line":45,"column":4},"end":{"line":65,"column":5}},"16":{"start":{"line":46,"column":31},"end":{"line":48,"column":8}},"17":{"start":{"line":49,"column":25},"end":{"line":49,"column":54}},"18":{"start":{"line":51,"column":6},"end":{"line":58,"column":9}},"19":{"start":{"line":61,"column":6},"end":{"line":61,"column":50}},"20":{"start":{"line":62,"column":6},"end":{"line":62,"column":70}},"21":{"start":{"line":64,"column":6},"end":{"line":64,"column":32}},"22":{"start":{"line":68,"column":27},"end":{"line":114,"column":3}},"23":{"start":{"line":70,"column":4},"end":{"line":113,"column":5}},"24":{"start":{"line":71,"column":6},"end":{"line":71,"column":31}},"25":{"start":{"line":72,"column":6},"end":{"line":105,"column":7}},"26":{"start":{"line":73,"column":8},"end":{"line":73,"column":45}},"27":{"start":{"line":74,"column":25},"end":{"line":74,"column":52}},"28":{"start":{"line":76,"column":8},"end":{"line":86,"column":9}},"29":{"start":{"line":77,"column":27},"end":{"line":77,"column":40}},"30":{"start":{"line":78,"column":10},"end":{"line":85,"column":13}},"31":{"start":{"line":88,"column":8},"end":{"line":102,"column":9}},"32":{"start":{"line":89,"column":10},"end":{"line":98,"column":11}},"33":{"start":{"line":91,"column":17},"end":{"line":98,"column":11}},"34":{"start":{"line":93,"column":17},"end":{"line":98,"column":11}},"35":{"start":{"line":94,"column":12},"end":{"line":94,"column":81}},"36":{"start":{"line":96,"column":12},"end":{"line":96,"column":63}},"37":{"start":{"line":97,"column":12},"end":{"line":97,"column":71}},"38":{"start":{"line":100,"column":10},"end":{"line":100,"column":61}},"39":{"start":{"line":101,"column":10},"end":{"line":101,"column":69}},"40":{"start":{"line":104,"column":8},"end":{"line":104,"column":34}},"41":{"start":{"line":108,"column":6},"end":{"line":111,"column":7}},"42":{"start":{"line":109,"column":8},"end":{"line":109,"column":67}},"43":{"start":{"line":110,"column":8},"end":{"line":110,"column":15}},"44":{"start":{"line":112,"column":6},"end":{"line":112,"column":20}},"45":{"start":{"line":117,"column":26},"end":{"line":152,"column":3}},"46":{"start":{"line":118,"column":4},"end":{"line":121,"column":5}},"47":{"start":{"line":119,"column":6},"end":{"line":119,"column":111}},"48":{"start":{"line":120,"column":6},"end":{"line":120,"column":13}},"49":{"start":{"line":122,"column":4},"end":{"line":122,"column":28}},"50":{"start":{"line":123,"column":4},"end":{"line":151,"column":5}},"51":{"start":{"line":124,"column":25},"end":{"line":129,"column":8}},"52":{"start":{"line":131,"column":25},"end":{"line":131,"column":68}},"53":{"start":{"line":132,"column":24},"end":{"line":132,"column":66}},"54":{"start":{"line":133,"column":26},"end":{"line":133,"column":75}},"55":{"start":{"line":135,"column":6},"end":{"line":142,"column":9}},"56":{"start":{"line":145,"column":6},"end":{"line":148,"column":7}},"57":{"start":{"line":146,"column":8},"end":{"line":146,"column":47}},"58":{"start":{"line":147,"column":8},"end":{"line":147,"column":66}},"59":{"start":{"line":150,"column":6},"end":{"line":150,"column":31}},"60":{"start":{"line":154,"column":2},"end":{"line":160,"column":4}}},"fnMap":{"0":{"name":"(anonymous_0)","decl":{"start":{"line":24,"column":29},"end":{"line":24,"column":30}},"loc":{"start":{"line":24,"column":35},"end":{"line":161,"column":1}},"line":24},"1":{"name":"(anonymous_1)","decl":{"start":{"line":36,"column":12},"end":{"line":36,"column":13}},"loc":{"start":{"line":36,"column":18},"end":{"line":40,"column":3}},"line":36},"2":{"name":"(anonymous_2)","decl":{"start":{"line":42,"column":35},"end":{"line":42,"column":36}},"loc":{"start":{"line":42,"column":55},"end":{"line":66,"column":3}},"line":42},"3":{"name":"(anonymous_3)","decl":{"start":{"line":68,"column":27},"end":{"line":68,"column":28}},"loc":{"start":{"line":68,"column":39},"end":{"line":114,"column":3}},"line":68},"4":{"name":"(anonymous_4)","decl":{"start":{"line":117,"column":26},"end":{"line":117,"column":27}},"loc":{"start":{"line":117,"column":38},"end":{"line":152,"column":3}},"line":117}},"branchMap":{"0":{"loc":{"start":{"line":31,"column":17},"end":{"line":31,"column":106}},"type":"binary-expr","locations":[{"start":{"line":31,"column":17},"end":{"line":31,"column":61}},{"start":{"line":31,"column":65},"end":{"line":31,"column":106}}],"line":31},"1":{"loc":{"start":{"line":32,"column":21},"end":{"line":32,"column":114}},"type":"binary-expr","locations":[{"start":{"line":32,"column":21},"end":{"line":32,"column":69}},{"start":{"line":32,"column":73},"end":{"line":32,"column":114}}],"line":32},"2":{"loc":{"start":{"line":33,"column":17},"end":{"line":33,"column":106}},"type":"binary-expr","locations":[{"start":{"line":33,"column":17},"end":{"line":33,"column":61}},{"start":{"line":33,"column":65},"end":{"line":33,"column":106}}],"line":33},"3":{"loc":{"start":{"line":37,"column":4},"end":{"line":39,"column":5}},"type":"if","locations":[{"start":{"line":37,"column":4},"end":{"line":39,"column":5}},{"start":{},"end":{}}],"line":37},"4":{"loc":{"start":{"line":56,"column":20},"end":{"line":56,"column":47}},"type":"binary-expr","locations":[{"start":{"line":56,"column":20},"end":{"line":56,"column":41}},{"start":{"line":56,"column":45},"end":{"line":56,"column":47}}],"line":56},"5":{"loc":{"start":{"line":57,"column":19},"end":{"line":57,"column":47}},"type":"binary-expr","locations":[{"start":{"line":57,"column":19},"end":{"line":57,"column":41}},{"start":{"line":57,"column":45},"end":{"line":57,"column":47}}],"line":57},"6":{"loc":{"start":{"line":70,"column":4},"end":{"line":113,"column":5}},"type":"if","locations":[{"start":{"line":70,"column":4},"end":{"line":113,"column":5}},{"start":{"line":106,"column":11},"end":{"line":113,"column":5}}],"line":70},"7":{"loc":{"start":{"line":70,"column":8},"end":{"line":70,"column":55}},"type":"binary-expr","locations":[{"start":{"line":70,"column":8},"end":{"line":70,"column":20}},{"start":{"line":70,"column":24},"end":{"line":70,"column":55}}],"line":70},"8":{"loc":{"start":{"line":76,"column":8},"end":{"line":86,"column":9}},"type":"if","locations":[{"start":{"line":76,"column":8},"end":{"line":86,"column":9}},{"start":{},"end":{}}],"line":76},"9":{"loc":{"start":{"line":83,"column":24},"end":{"line":83,"column":44}},"type":"binary-expr","locations":[{"start":{"line":83,"column":24},"end":{"line":83,"column":38}},{"start":{"line":83,"column":42},"end":{"line":83,"column":44}}],"line":83},"10":{"loc":{"start":{"line":84,"column":23},"end":{"line":84,"column":44}},"type":"binary-expr","locations":[{"start":{"line":84,"column":23},"end":{"line":84,"column":38}},{"start":{"line":84,"column":42},"end":{"line":84,"column":44}}],"line":84},"11":{"loc":{"start":{"line":88,"column":8},"end":{"line":102,"column":9}},"type":"if","locations":[{"start":{"line":88,"column":8},"end":{"line":102,"column":9}},{"start":{"line":99,"column":15},"end":{"line":102,"column":9}}],"line":88},"12":{"loc":{"start":{"line":88,"column":12},"end":{"line":88,"column":53}},"type":"binary-expr","locations":[{"start":{"line":88,"column":12},"end":{"line":88,"column":27}},{"start":{"line":88,"column":31},"end":{"line":88,"column":53}}],"line":88},"13":{"loc":{"start":{"line":89,"column":10},"end":{"line":98,"column":11}},"type":"if","locations":[{"start":{"line":89,"column":10},"end":{"line":98,"column":11}},{"start":{"line":91,"column":17},"end":{"line":98,"column":11}}],"line":89},"14":{"loc":{"start":{"line":91,"column":17},"end":{"line":98,"column":11}},"type":"if","locations":[{"start":{"line":91,"column":17},"end":{"line":98,"column":11}},{"start":{"line":93,"column":17},"end":{"line":98,"column":11}}],"line":91},"15":{"loc":{"start":{"line":93,"column":17},"end":{"line":98,"column":11}},"type":"if","locations":[{"start":{"line":93,"column":17},"end":{"line":98,"column":11}},{"start":{"line":95,"column":17},"end":{"line":98,"column":11}}],"line":93},"16":{"loc":{"start":{"line":108,"column":6},"end":{"line":111,"column":7}},"type":"if","locations":[{"start":{"line":108,"column":6},"end":{"line":111,"column":7}},{"start":{},"end":{}}],"line":108},"17":{"loc":{"start":{"line":118,"column":4},"end":{"line":121,"column":5}},"type":"if","locations":[{"start":{"line":118,"column":4},"end":{"line":121,"column":5}},{"start":{},"end":{}}],"line":118},"18":{"loc":{"start":{"line":131,"column":25},"end":{"line":131,"column":68}},"type":"binary-expr","locations":[{"start":{"line":131,"column":25},"end":{"line":131,"column":55}},{"start":{"line":131,"column":59},"end":{"line":131,"column":68}}],"line":131},"19":{"loc":{"start":{"line":132,"column":24},"end":{"line":132,"column":66}},"type":"binary-expr","locations":[{"start":{"line":132,"column":24},"end":{"line":132,"column":55}},{"start":{"line":132,"column":59},"end":{"line":132,"column":66}}],"line":132},"20":{"loc":{"start":{"line":133,"column":26},"end":{"line":133,"column":75}},"type":"binary-expr","locations":[{"start":{"line":133,"column":26},"end":{"line":133,"column":42}},{"start":{"line":133,"column":46},"end":{"line":133,"column":75}}],"line":133},"21":{"loc":{"start":{"line":145,"column":6},"end":{"line":148,"column":7}},"type":"if","locations":[{"start":{"line":145,"column":6},"end":{"line":148,"column":7}},{"start":{},"end":{}}],"line":145}},"s":{"0":1,"1":1,"2":1,"3":0,"4":1,"5":7,"6":7,"7":7,"8":7,"9":7,"10":4,"11":0,"12":7,"13":0,"14":0,"15":0,"16":0,"17":0,"18":0,"19":0,"20":0,"21":0,"22":7,"23":1,"24":0,"25":0,"26":0,"27":0,"28":0,"29":0,"30":0,"31":0,"32":0,"33":0,"34":0,"35":0,"36":0,"37":0,"38":0,"39":0,"40":0,"41":1,"42":0,"43":0,"44":1,"45":7,"46":3,"47":0,"48":0,"49":3,"50":3,"51":3,"52":1,"53":1,"54":1,"55":1,"56":2,"57":1,"58":1,"59":3,"60":7},"f":{"0":7,"1":4,"2":0,"3":1,"4":3},"b":{"0":[7,7],"1":[7,7],"2":[7,7],"3":[0,4],"4":[0,0],"5":[0,0],"6":[0,1],"7":[1,1],"8":[0,0],"9":[0,0],"10":[0,0],"11":[0,0],"12":[0,0],"13":[0,0],"14":[0,0],"15":[0,0],"16":[0,1],"17":[0,3],"18":[1,0],"19":[1,0],"20":[1,0],"21":[1,1]},"_coverageSchema":"1a1c01bbd47fc00a2c39e90264f33305004495a9","hash":"68104f933c6536fb6fd6899959eebda7a7ae51e0"}
,"C:\\Users\\Leonardo Morabito\\Documents\\Repos\\ParkFinder\\Frontend\\src\\navigation\\AppNavigator.tsx": {"path":"C:\\Users\\Leonardo Morabito\\Documents\\Repos\\ParkFinder\\Frontend\\src\\navigation\\AppNavigator.tsx","statementMap":{"0":{"start":{"line":19,"column":14},"end":{"line":19,"column":42}},"1":{"start":{"line":21,"column":28},"end":{"line":45,"column":1}},"2":{"start":{"line":22,"column":2},"end":{"line":44,"column":4}}},"fnMap":{"0":{"name":"(anonymous_0)","decl":{"start":{"line":21,"column":28},"end":{"line":21,"column":29}},"loc":{"start":{"line":21,"column":34},"end":{"line":45,"column":1}},"line":21}},"branchMap":{},"s":{"0":1,"1":1,"2":1},"f":{"0":1},"b":{},"_coverageSchema":"1a1c01bbd47fc00a2c39e90264f33305004495a9","hash":"72bfcd08c033e8b5b53281a4a80b120bc31f01e7"}
,"C:\\Users\\Leonardo Morabito\\Documents\\Repos\\ParkFinder\\Frontend\\src\\screens\\main\\MyBookingsScreen.tsx": {"path":"C:\\Users\\Leonardo Morabito\\Documents\\Repos\\ParkFinder\\Frontend\\src\\screens\\main\\MyBookingsScreen.tsx","statementMap":{"0":{"start":{"line":10,"column":32},"end":{"line":248,"column":1}},"1":{"start":{"line":11,"column":34},"end":{"line":11,"column":53}},"2":{"start":{"line":12,"column":36},"end":{"line":12,"column":50}},"3":{"start":{"line":13,"column":42},"end":{"line":13,"column":57}},"4":{"start":{"line":14,"column":36},"end":{"line":14,"column":75}},"5":{"start":{"line":16,"column":24},"end":{"line":30,"column":3}},"6":{"start":{"line":17,"column":4},"end":{"line":29,"column":5}},"7":{"start":{"line":18,"column":19},"end":{"line":18,"column":51}},"8":{"start":{"line":20,"column":21},"end":{"line":22,"column":7}},"9":{"start":{"line":21,"column":8},"end":{"line":21,"column":93}},"10":{"start":{"line":23,"column":6},"end":{"line":23,"column":26}},"11":{"start":{"line":25,"column":6},"end":{"line":25,"column":55}},"12":{"start":{"line":27,"column":6},"end":{"line":27,"column":26}},"13":{"start":{"line":28,"column":6},"end":{"line":28,"column":29}},"14":{"start":{"line":32,"column":2},"end":{"line":34,"column":9}},"15":{"start":{"line":33,"column":4},"end":{"line":33,"column":20}},"16":{"start":{"line":36,"column":20},"end":{"line":39,"column":3}},"17":{"start":{"line":37,"column":4},"end":{"line":37,"column":26}},"18":{"start":{"line":38,"column":4},"end":{"line":38,"column":20}},"19":{"start":{"line":41,"column":30},"end":{"line":66,"column":3}},"20":{"start":{"line":42,"column":4},"end":{"line":65,"column":6}},"21":{"start":{"line":51,"column":12},"end":{"line":61,"column":13}},"22":{"start":{"line":52,"column":14},"end":{"line":52,"column":33}},"23":{"start":{"line":53,"column":29},"end":{"line":53,"column":90}},"24":{"start":{"line":54,"column":14},"end":{"line":54,"column":52}},"25":{"start":{"line":55,"column":14},"end":{"line":55,"column":30}},"26":{"start":{"line":57,"column":26},"end":{"line":57,"column":107}},"27":{"start":{"line":58,"column":14},"end":{"line":58,"column":40}},"28":{"start":{"line":60,"column":14},"end":{"line":60,"column":34}},"29":{"start":{"line":69,"column":26},"end":{"line":71,"column":3}},"30":{"start":{"line":70,"column":4},"end":{"line":70,"column":67}},"31":{"start":{"line":73,"column":23},"end":{"line":75,"column":3}},"32":{"start":{"line":74,"column":4},"end":{"line":74,"column":67}},"33":{"start":{"line":77,"column":21},"end":{"line":77,"column":77}},"34":{"start":{"line":79,"column":25},"end":{"line":94,"column":3}},"35":{"start":{"line":80,"column":4},"end":{"line":93,"column":5}},"36":{"start":{"line":82,"column":8},"end":{"line":82,"column":83}},"37":{"start":{"line":84,"column":8},"end":{"line":84,"column":86}},"38":{"start":{"line":86,"column":8},"end":{"line":86,"column":102}},"39":{"start":{"line":88,"column":8},"end":{"line":88,"column":86}},"40":{"start":{"line":90,"column":8},"end":{"line":90,"column":84}},"41":{"start":{"line":92,"column":8},"end":{"line":92,"column":81}},"42":{"start":{"line":96,"column":28},"end":{"line":184,"column":3}},"43":{"start":{"line":97,"column":23},"end":{"line":97,"column":58}},"44":{"start":{"line":98,"column":22},"end":{"line":98,"column":56}},"45":{"start":{"line":99,"column":20},"end":{"line":99,"column":52}},"46":{"start":{"line":101,"column":4},"end":{"line":183,"column":6}},"47":{"start":{"line":176,"column":27},"end":{"line":176,"column":63}},"48":{"start":{"line":186,"column":2},"end":{"line":247,"column":4}},"49":{"start":{"line":190,"column":67},"end":{"line":190,"column":86}},"50":{"start":{"line":200,"column":25},"end":{"line":200,"column":48}},"51":{"start":{"line":208,"column":25},"end":{"line":208,"column":45}},"52":{"start":{"line":223,"column":34},"end":{"line":223,"column":60}},"53":{"start":{"line":250,"column":15},"end":{"line":414,"column":2}}},"fnMap":{"0":{"name":"(anonymous_0)","decl":{"start":{"line":10,"column":32},"end":{"line":10,"column":33}},"loc":{"start":{"line":10,"column":57},"end":{"line":248,"column":1}},"line":10},"1":{"name":"(anonymous_1)","decl":{"start":{"line":16,"column":24},"end":{"line":16,"column":25}},"loc":{"start":{"line":16,"column":36},"end":{"line":30,"column":3}},"line":16},"2":{"name":"(anonymous_2)","decl":{"start":{"line":20,"column":31},"end":{"line":20,"column":32}},"loc":{"start":{"line":21,"column":8},"end":{"line":21,"column":93}},"line":21},"3":{"name":"(anonymous_3)","decl":{"start":{"line":32,"column":12},"end":{"line":32,"column":13}},"loc":{"start":{"line":32,"column":18},"end":{"line":34,"column":3}},"line":32},"4":{"name":"(anonymous_4)","decl":{"start":{"line":36,"column":20},"end":{"line":36,"column":21}},"loc":{"start":{"line":36,"column":26},"end":{"line":39,"column":3}},"line":36},"5":{"name":"(anonymous_5)","decl":{"start":{"line":41,"column":30},"end":{"line":41,"column":31}},"loc":{"start":{"line":41,"column":60},"end":{"line":66,"column":3}},"line":41},"6":{"name":"(anonymous_6)","decl":{"start":{"line":50,"column":19},"end":{"line":50,"column":20}},"loc":{"start":{"line":50,"column":31},"end":{"line":62,"column":11}},"line":50},"7":{"name":"(anonymous_7)","decl":{"start":{"line":69,"column":42},"end":{"line":69,"column":43}},"loc":{"start":{"line":70,"column":4},"end":{"line":70,"column":67}},"line":70},"8":{"name":"(anonymous_8)","decl":{"start":{"line":73,"column":39},"end":{"line":73,"column":40}},"loc":{"start":{"line":74,"column":4},"end":{"line":74,"column":67}},"line":74},"9":{"name":"(anonymous_9)","decl":{"start":{"line":79,"column":25},"end":{"line":79,"column":26}},"loc":{"start":{"line":79,"column":45},"end":{"line":94,"column":3}},"line":79},"10":{"name":"(anonymous_10)","decl":{"start":{"line":96,"column":28},"end":{"line":96,"column":29}},"loc":{"start":{"line":96,"column":57},"end":{"line":184,"column":3}},"line":96},"11":{"name":"(anonymous_11)","decl":{"start":{"line":176,"column":21},"end":{"line":176,"column":22}},"loc":{"start":{"line":176,"column":27},"end":{"line":176,"column":63}},"line":176},"12":{"name":"(anonymous_12)","decl":{"start":{"line":190,"column":61},"end":{"line":190,"column":62}},"loc":{"start":{"line":190,"column":67},"end":{"line":190,"column":86}},"line":190},"13":{"name":"(anonymous_13)","decl":{"start":{"line":200,"column":19},"end":{"line":200,"column":20}},"loc":{"start":{"line":200,"column":25},"end":{"line":200,"column":48}},"line":200},"14":{"name":"(anonymous_14)","decl":{"start":{"line":208,"column":19},"end":{"line":208,"column":20}},"loc":{"start":{"line":208,"column":25},"end":{"line":208,"column":45}},"line":208},"15":{"name":"(anonymous_15)","decl":{"start":{"line":223,"column":24},"end":{"line":223,"column":25}},"loc":{"start":{"line":223,"column":34},"end":{"line":223,"column":60}},"line":223}},"branchMap":{"0":{"loc":{"start":{"line":57,"column":26},"end":{"line":57,"column":107}},"type":"binary-expr","locations":[{"start":{"line":57,"column":26},"end":{"line":57,"column":54}},{"start":{"line":57,"column":58},"end":{"line":57,"column":71}},{"start":{"line":57,"column":75},"end":{"line":57,"column":107}}],"line":57},"1":{"loc":{"start":{"line":70,"column":4},"end":{"line":70,"column":67}},"type":"binary-expr","locations":[{"start":{"line":70,"column":4},"end":{"line":70,"column":34}},{"start":{"line":70,"column":38},"end":{"line":70,"column":67}}],"line":70},"2":{"loc":{"start":{"line":74,"column":4},"end":{"line":74,"column":67}},"type":"binary-expr","locations":[{"start":{"line":74,"column":4},"end":{"line":74,"column":34}},{"start":{"line":74,"column":38},"end":{"line":74,"column":67}}],"line":74},"3":{"loc":{"start":{"line":77,"column":21},"end":{"line":77,"column":77}},"type":"cond-expr","locations":[{"start":{"line":77,"column":47},"end":{"line":77,"column":62}},{"start":{"line":77,"column":65},"end":{"line":77,"column":77}}],"line":77},"4":{"loc":{"start":{"line":80,"column":4},"end":{"line":93,"column":5}},"type":"switch","locations":[{"start":{"line":81,"column":6},"end":{"line":82,"column":83}},{"start":{"line":83,"column":6},"end":{"line":84,"column":86}},{"start":{"line":85,"column":6},"end":{"line":86,"column":102}},{"start":{"line":87,"column":6},"end":{"line":88,"column":86}},{"start":{"line":89,"column":6},"end":{"line":90,"column":84}},{"start":{"line":91,"column":6},"end":{"line":92,"column":81}}],"line":80},"5":{"loc":{"start":{"line":107,"column":22},"end":{"line":107,"column":99}},"type":"cond-expr","locations":[{"start":{"line":107,"column":57},"end":{"line":107,"column":78}},{"start":{"line":107,"column":81},"end":{"line":107,"column":99}}],"line":107},"6":{"loc":{"start":{"line":145,"column":11},"end":{"line":153,"column":11}},"type":"binary-expr","locations":[{"start":{"line":145,"column":11},"end":{"line":145,"column":42}},{"start":{"line":146,"column":12},"end":{"line":152,"column":19}}],"line":145},"7":{"loc":{"start":{"line":155,"column":11},"end":{"line":170,"column":11}},"type":"binary-expr","locations":[{"start":{"line":155,"column":11},"end":{"line":155,"column":37}},{"start":{"line":156,"column":12},"end":{"line":169,"column":19}}],"line":155},"8":{"loc":{"start":{"line":158,"column":22},"end":{"line":158,"column":106}},"type":"cond-expr","locations":[{"start":{"line":158,"column":55},"end":{"line":158,"column":81}},{"start":{"line":158,"column":84},"end":{"line":158,"column":106}}],"line":158},"9":{"loc":{"start":{"line":160,"column":23},"end":{"line":160,"column":77}},"type":"cond-expr","locations":[{"start":{"line":160,"column":56},"end":{"line":160,"column":65}},{"start":{"line":160,"column":68},"end":{"line":160,"column":77}}],"line":160},"10":{"loc":{"start":{"line":164,"column":59},"end":{"line":164,"column":113}},"type":"cond-expr","locations":[{"start":{"line":164,"column":92},"end":{"line":164,"column":101}},{"start":{"line":164,"column":104},"end":{"line":164,"column":113}}],"line":164},"11":{"loc":{"start":{"line":166,"column":19},"end":{"line":166,"column":74}},"type":"binary-expr","locations":[{"start":{"line":166,"column":19},"end":{"line":166,"column":49}},{"start":{"line":166,"column":53},"end":{"line":166,"column":74}}],"line":166},"12":{"loc":{"start":{"line":173,"column":9},"end":{"line":181,"column":9}},"type":"binary-expr","locations":[{"start":{"line":173,"column":9},"end":{"line":173,"column":42}},{"start":{"line":174,"column":10},"end":{"line":180,"column":29}}],"line":173},"13":{"loc":{"start":{"line":199,"column":36},"end":{"line":199,"column":79}},"type":"binary-expr","locations":[{"start":{"line":199,"column":36},"end":{"line":199,"column":59}},{"start":{"line":199,"column":63},"end":{"line":199,"column":79}}],"line":199},"14":{"loc":{"start":{"line":202,"column":40},"end":{"line":202,"column":87}},"type":"binary-expr","locations":[{"start":{"line":202,"column":40},"end":{"line":202,"column":63}},{"start":{"line":202,"column":67},"end":{"line":202,"column":87}}],"line":202},"15":{"loc":{"start":{"line":207,"column":36},"end":{"line":207,"column":76}},"type":"binary-expr","locations":[{"start":{"line":207,"column":36},"end":{"line":207,"column":56}},{"start":{"line":207,"column":60},"end":{"line":207,"column":76}}],"line":207},"16":{"loc":{"start":{"line":210,"column":40},"end":{"line":210,"column":84}},"type":"binary-expr","locations":[{"start":{"line":210,"column":40},"end":{"line":210,"column":60}},{"start":{"line":210,"column":64},"end":{"line":210,"column":84}}],"line":210},"17":{"loc":{"start":{"line":216,"column":7},"end":{"line":245,"column":7}},"type":"cond-expr","locations":[{"start":{"line":217,"column":8},"end":{"line":219,"column":15}},{"start":{"line":221,"column":8},"end":{"line":244,"column":10}}],"line":216},"18":{"loc":{"start":{"line":233,"column":22},"end":{"line":233,"column":90}},"type":"cond-expr","locations":[{"start":{"line":233,"column":48},"end":{"line":233,"column":66}},{"start":{"line":233,"column":69},"end":{"line":233,"column":90}}],"line":233},"19":{"loc":{"start":{"line":238,"column":17},"end":{"line":240,"column":58}},"type":"cond-expr","locations":[{"start":{"line":239,"column":20},"end":{"line":239,"column":62}},{"start":{"line":240,"column":20},"end":{"line":240,"column":58}}],"line":238}},"s":{"0":1,"1":8,"2":8,"3":8,"4":8,"5":8,"6":4,"7":4,"8":3,"9":3,"10":3,"11":0,"12":3,"13":3,"14":8,"15":4,"16":8,"17":0,"18":0,"19":8,"20":1,"21":0,"22":0,"23":0,"24":0,"25":0,"26":0,"27":0,"28":0,"29":8,"30":8,"31":8,"32":8,"33":8,"34":8,"35":4,"36":0,"37":3,"38":1,"39":0,"40":0,"41":0,"42":8,"43":4,"44":4,"45":4,"46":4,"47":1,"48":8,"49":0,"50":0,"51":1,"52":7,"53":1},"f":{"0":8,"1":4,"2":3,"3":4,"4":0,"5":1,"6":0,"7":8,"8":8,"9":4,"10":4,"11":1,"12":0,"13":0,"14":1,"15":7},"b":{"0":[0,0,0],"1":[8,4],"2":[8,4],"3":[7,1],"4":[0,3,1,0,0,0],"5":[0,4],"6":[4,4],"7":[4,0],"8":[0,0],"9":[0,0],"10":[0,0],"11":[0,0],"12":[4,3],"13":[8,7],"14":[8,7],"15":[8,1],"16":[8,1],"17":[4,4],"18":[3,1],"19":[3,1]},"_coverageSchema":"1a1c01bbd47fc00a2c39e90264f33305004495a9","hash":"95c08b44c0043e6d31e9989fc623af5a79bc69cb"}
,"C:\\Users\\Leonardo Morabito\\Documents\\Repos\\ParkFinder\\Frontend\\src\\services\\api.ts": {"path":"C:\\Users\\Leonardo Morabito\\Documents\\Repos\\ParkFinder\\Frontend\\src\\services\\api.ts","statementMap":{"0":{"start":{"line":7,"column":12},"end":{"line":7,"column":23}},"1":{"start":{"line":8,"column":0},"end":{"line":10,"column":1}},"2":{"start":{"line":9,"column":2},"end":{"line":9,"column":53}},"3":{"start":{"line":12,"column":16},"end":{"line":12,"column":80}},"4":{"start":{"line":14,"column":25},"end":{"line":24,"column":1}},"5":{"start":{"line":15,"column":2},"end":{"line":23,"column":3}},"6":{"start":{"line":16,"column":4},"end":{"line":20,"column":5}},"7":{"start":{"line":17,"column":6},"end":{"line":17,"column":93}},"8":{"start":{"line":19,"column":6},"end":{"line":19,"column":49}},"9":{"start":{"line":22,"column":4},"end":{"line":22,"column":47}},"10":{"start":{"line":26,"column":24},"end":{"line":38,"column":1}},"11":{"start":{"line":27,"column":2},"end":{"line":37,"column":3}},"12":{"start":{"line":28,"column":4},"end":{"line":33,"column":5}},"13":{"start":{"line":29,"column":20},"end":{"line":29,"column":81}},"14":{"start":{"line":30,"column":6},"end":{"line":30,"column":37}},"15":{"start":{"line":32,"column":6},"end":{"line":32,"column":49}},"16":{"start":{"line":35,"column":4},"end":{"line":35,"column":48}},"17":{"start":{"line":36,"column":4},"end":{"line":36,"column":16}},"18":{"start":{"line":40,"column":27},"end":{"line":50,"column":1}},"19":{"start":{"line":41,"column":2},"end":{"line":49,"column":3}},"20":{"start":{"line":42,"column":4},"end":{"line":46,"column":5}},"21":{"start":{"line":43,"column":6},"end":{"line":43,"column":81}},"22":{"start":{"line":45,"column":6},"end":{"line":45,"column":45}},"23":{"start":{"line":48,"column":4},"end":{"line":48,"column":49}},"24":{"start":{"line":52,"column":27},"end":{"line":72,"column":1}},"25":{"start":{"line":53,"column":16},"end":{"line":53,"column":46}},"26":{"start":{"line":54,"column":18},"end":{"line":54,"column":52}},"27":{"start":{"line":56,"column":2},"end":{"line":56,"column":50}},"28":{"start":{"line":57,"column":2},"end":{"line":59,"column":3}},"29":{"start":{"line":58,"column":4},"end":{"line":58,"column":52}},"30":{"start":{"line":62,"column":2},"end":{"line":69,"column":3}},"31":{"start":{"line":63,"column":4},"end":{"line":66,"column":7}},"32":{"start":{"line":68,"column":4},"end":{"line":68,"column":80}},"33":{"start":{"line":71,"column":2},"end":{"line":71,"column":18}},"34":{"start":{"line":75,"column":23},"end":{"line":142,"column":1}},"35":{"start":{"line":78,"column":21},"end":{"line":78,"column":42}},"36":{"start":{"line":79,"column":4},"end":{"line":79,"column":44}},"37":{"start":{"line":80,"column":4},"end":{"line":80,"column":47}},"38":{"start":{"line":83,"column":4},"end":{"line":93,"column":5}},"39":{"start":{"line":84,"column":6},"end":{"line":90,"column":9}},"40":{"start":{"line":92,"column":6},"end":{"line":92,"column":60}},"41":{"start":{"line":95,"column":4},"end":{"line":98,"column":5}},"42":{"start":{"line":96,"column":24},"end":{"line":96,"column":63}},"43":{"start":{"line":96,"column":59},"end":{"line":96,"column":61}},"44":{"start":{"line":97,"column":6},"end":{"line":97,"column":63}},"45":{"start":{"line":99,"column":4},"end":{"line":99,"column":27}},"46":{"start":{"line":104,"column":4},"end":{"line":114,"column":5}},"47":{"start":{"line":105,"column":6},"end":{"line":111,"column":9}},"48":{"start":{"line":113,"column":6},"end":{"line":113,"column":60}},"49":{"start":{"line":116,"column":4},"end":{"line":119,"column":5}},"50":{"start":{"line":117,"column":24},"end":{"line":117,"column":63}},"51":{"start":{"line":117,"column":59},"end":{"line":117,"column":61}},"52":{"start":{"line":118,"column":6},"end":{"line":118,"column":66}},"53":{"start":{"line":120,"column":4},"end":{"line":120,"column":27}},"54":{"start":{"line":124,"column":21},"end":{"line":130,"column":6}},"55":{"start":{"line":132,"column":4},"end":{"line":138,"column":5}},"56":{"start":{"line":133,"column":26},"end":{"line":133,"column":65}},"57":{"start":{"line":133,"column":61},"end":{"line":133,"column":63}},"58":{"start":{"line":134,"column":29},"end":{"line":136,"column":28}},"59":{"start":{"line":137,"column":8},"end":{"line":137,"column":68}},"60":{"start":{"line":139,"column":4},"end":{"line":139,"column":27}},"61":{"start":{"line":144,"column":23},"end":{"line":164,"column":1}},"62":{"start":{"line":146,"column":21},"end":{"line":146,"column":57}},"63":{"start":{"line":147,"column":4},"end":{"line":149,"column":5}},"64":{"start":{"line":148,"column":6},"end":{"line":148,"column":54}},"65":{"start":{"line":150,"column":4},"end":{"line":150,"column":27}},"66":{"start":{"line":154,"column":21},"end":{"line":157,"column":6}},"67":{"start":{"line":158,"column":4},"end":{"line":161,"column":5}},"68":{"start":{"line":159,"column":20},"end":{"line":159,"column":59}},"69":{"start":{"line":159,"column":55},"end":{"line":159,"column":57}},"70":{"start":{"line":160,"column":6},"end":{"line":160,"column":71}},"71":{"start":{"line":162,"column":4},"end":{"line":162,"column":27}},"72":{"start":{"line":166,"column":26},"end":{"line":208,"column":1}},"73":{"start":{"line":168,"column":21},"end":{"line":168,"column":59}},"74":{"start":{"line":169,"column":4},"end":{"line":171,"column":5}},"75":{"start":{"line":170,"column":6},"end":{"line":170,"column":62}},"76":{"start":{"line":172,"column":4},"end":{"line":172,"column":27}},"77":{"start":{"line":176,"column":21},"end":{"line":179,"column":6}},"78":{"start":{"line":180,"column":4},"end":{"line":183,"column":5}},"79":{"start":{"line":181,"column":20},"end":{"line":181,"column":59}},"80":{"start":{"line":181,"column":55},"end":{"line":181,"column":57}},"81":{"start":{"line":182,"column":6},"end":{"line":182,"column":72}},"82":{"start":{"line":184,"column":4},"end":{"line":184,"column":27}},"83":{"start":{"line":188,"column":21},"end":{"line":191,"column":6}},"84":{"start":{"line":192,"column":4},"end":{"line":195,"column":5}},"85":{"start":{"line":193,"column":20},"end":{"line":193,"column":59}},"86":{"start":{"line":193,"column":55},"end":{"line":193,"column":57}},"87":{"start":{"line":194,"column":6},"end":{"line":194,"column":73}},"88":{"start":{"line":196,"column":4},"end":{"line":196,"column":27}},"89":{"start":{"line":200,"column":21},"end":{"line":202,"column":6}},"90":{"start":{"line":203,"column":4},"end":{"line":205,"column":5}},"91":{"start":{"line":204,"column":6},"end":{"line":204,"column":55}},"92":{"start":{"line":206,"column":4},"end":{"line":206,"column":27}},"93":{"start":{"line":210,"column":26},"end":{"line":276,"column":1}},"94":{"start":{"line":212,"column":21},"end":{"line":212,"column":59}},"95":{"start":{"line":213,"column":4},"end":{"line":215,"column":5}},"96":{"start":{"line":214,"column":6},"end":{"line":214,"column":61}},"97":{"start":{"line":216,"column":4},"end":{"line":216,"column":27}},"98":{"start":{"line":220,"column":21},"end":{"line":223,"column":6}},"99":{"start":{"line":224,"column":4},"end":{"line":227,"column":5}},"100":{"start":{"line":225,"column":20},"end":{"line":225,"column":59}},"101":{"start":{"line":225,"column":55},"end":{"line":225,"column":57}},"102":{"start":{"line":226,"column":6},"end":{"line":226,"column":71}},"103":{"start":{"line":228,"column":4},"end":{"line":228,"column":27}},"104":{"start":{"line":232,"column":21},"end":{"line":235,"column":6}},"105":{"start":{"line":236,"column":4},"end":{"line":239,"column":5}},"106":{"start":{"line":237,"column":20},"end":{"line":237,"column":59}},"107":{"start":{"line":237,"column":55},"end":{"line":237,"column":57}},"108":{"start":{"line":238,"column":6},"end":{"line":238,"column":72}},"109":{"start":{"line":240,"column":4},"end":{"line":240,"column":27}},"110":{"start":{"line":244,"column":21},"end":{"line":246,"column":6}},"111":{"start":{"line":247,"column":4},"end":{"line":249,"column":5}},"112":{"start":{"line":248,"column":6},"end":{"line":248,"column":54}},"113":{"start":{"line":250,"column":4},"end":{"line":250,"column":27}},"114":{"start":{"line":254,"column":21},"end":{"line":254,"column":85}},"115":{"start":{"line":255,"column":4},"end":{"line":257,"column":5}},"116":{"start":{"line":256,"column":6},"end":{"line":256,"column":76}},"117":{"start":{"line":258,"column":4},"end":{"line":258,"column":27}},"118":{"start":{"line":262,"column":21},"end":{"line":262,"column":75}},"119":{"start":{"line":263,"column":4},"end":{"line":265,"column":5}},"120":{"start":{"line":264,"column":6},"end":{"line":264,"column":78}},"121":{"start":{"line":266,"column":4},"end":{"line":266,"column":27}},"122":{"start":{"line":270,"column":21},"end":{"line":270,"column":91}},"123":{"start":{"line":271,"column":4},"end":{"line":273,"column":5}},"124":{"start":{"line":272,"column":6},"end":{"line":272,"column":86}},"125":{"start":{"line":274,"column":4},"end":{"line":274,"column":27}},"126":{"start":{"line":278,"column":26},"end":{"line":397,"column":1}},"127":{"start":{"line":288,"column":21},"end":{"line":291,"column":6}},"128":{"start":{"line":292,"column":4},"end":{"line":295,"column":5}},"129":{"start":{"line":293,"column":20},"end":{"line":293,"column":59}},"130":{"start":{"line":293,"column":55},"end":{"line":293,"column":57}},"131":{"start":{"line":294,"column":6},"end":{"line":294,"column":67}},"132":{"start":{"line":296,"column":4},"end":{"line":296,"column":27}},"133":{"start":{"line":300,"column":21},"end":{"line":300,"column":61}},"134":{"start":{"line":301,"column":4},"end":{"line":303,"column":5}},"135":{"start":{"line":302,"column":6},"end":{"line":302,"column":61}},"136":{"start":{"line":304,"column":4},"end":{"line":304,"column":27}},"137":{"start":{"line":308,"column":21},"end":{"line":308,"column":80}},"138":{"start":{"line":309,"column":4},"end":{"line":311,"column":5}},"139":{"start":{"line":310,"column":6},"end":{"line":310,"column":75}},"140":{"start":{"line":312,"column":4},"end":{"line":312,"column":27}},"141":{"start":{"line":316,"column":21},"end":{"line":318,"column":6}},"142":{"start":{"line":319,"column":4},"end":{"line":322,"column":5}},"143":{"start":{"line":320,"column":20},"end":{"line":320,"column":59}},"144":{"start":{"line":320,"column":55},"end":{"line":320,"column":57}},"145":{"start":{"line":321,"column":6},"end":{"line":321,"column":85}},"146":{"start":{"line":323,"column":4},"end":{"line":323,"column":27}},"147":{"start":{"line":327,"column":21},"end":{"line":327,"column":79}},"148":{"start":{"line":328,"column":4},"end":{"line":330,"column":5}},"149":{"start":{"line":329,"column":6},"end":{"line":329,"column":71}},"150":{"start":{"line":331,"column":4},"end":{"line":331,"column":27}},"151":{"start":{"line":335,"column":18},"end":{"line":335,"column":48}},"152":{"start":{"line":336,"column":20},"end":{"line":336,"column":33}},"153":{"start":{"line":337,"column":4},"end":{"line":337,"column":52}},"154":{"start":{"line":338,"column":4},"end":{"line":340,"column":5}},"155":{"start":{"line":339,"column":6},"end":{"line":339,"column":54}},"156":{"start":{"line":341,"column":21},"end":{"line":345,"column":6}},"157":{"start":{"line":346,"column":4},"end":{"line":349,"column":5}},"158":{"start":{"line":347,"column":20},"end":{"line":347,"column":59}},"159":{"start":{"line":347,"column":55},"end":{"line":347,"column":57}},"160":{"start":{"line":348,"column":6},"end":{"line":348,"column":77}},"161":{"start":{"line":350,"column":4},"end":{"line":350,"column":27}},"162":{"start":{"line":354,"column":21},"end":{"line":354,"column":93}},"163":{"start":{"line":355,"column":4},"end":{"line":357,"column":5}},"164":{"start":{"line":356,"column":6},"end":{"line":356,"column":72}},"165":{"start":{"line":358,"column":4},"end":{"line":358,"column":27}},"166":{"start":{"line":362,"column":21},"end":{"line":364,"column":6}},"167":{"start":{"line":365,"column":4},"end":{"line":367,"column":5}},"168":{"start":{"line":366,"column":6},"end":{"line":366,"column":72}},"169":{"start":{"line":368,"column":4},"end":{"line":368,"column":27}},"170":{"start":{"line":372,"column":18},"end":{"line":372,"column":48}},"171":{"start":{"line":373,"column":20},"end":{"line":373,"column":33}},"172":{"start":{"line":374,"column":4},"end":{"line":376,"column":5}},"173":{"start":{"line":375,"column":6},"end":{"line":375,"column":54}},"174":{"start":{"line":378,"column":21},"end":{"line":378,"column":35}},"175":{"start":{"line":379,"column":4},"end":{"line":383,"column":14}},"176":{"start":{"line":385,"column":21},"end":{"line":389,"column":6}},"177":{"start":{"line":391,"column":4},"end":{"line":394,"column":5}},"178":{"start":{"line":392,"column":20},"end":{"line":392,"column":59}},"179":{"start":{"line":392,"column":55},"end":{"line":392,"column":57}},"180":{"start":{"line":393,"column":6},"end":{"line":393,"column":83}},"181":{"start":{"line":395,"column":4},"end":{"line":395,"column":27}},"182":{"start":{"line":399,"column":27},"end":{"line":441,"column":1}},"183":{"start":{"line":401,"column":21},"end":{"line":401,"column":84}},"184":{"start":{"line":402,"column":4},"end":{"line":404,"column":5}},"185":{"start":{"line":403,"column":6},"end":{"line":403,"column":63}},"186":{"start":{"line":405,"column":4},"end":{"line":405,"column":27}},"187":{"start":{"line":409,"column":21},"end":{"line":412,"column":6}},"188":{"start":{"line":413,"column":4},"end":{"line":416,"column":5}},"189":{"start":{"line":414,"column":20},"end":{"line":414,"column":59}},"190":{"start":{"line":414,"column":55},"end":{"line":414,"column":57}},"191":{"start":{"line":415,"column":6},"end":{"line":415,"column":69}},"192":{"start":{"line":417,"column":4},"end":{"line":417,"column":27}},"193":{"start":{"line":421,"column":21},"end":{"line":424,"column":6}},"194":{"start":{"line":425,"column":4},"end":{"line":428,"column":5}},"195":{"start":{"line":426,"column":20},"end":{"line":426,"column":59}},"196":{"start":{"line":426,"column":55},"end":{"line":426,"column":57}},"197":{"start":{"line":427,"column":6},"end":{"line":427,"column":74}},"198":{"start":{"line":429,"column":4},"end":{"line":429,"column":27}},"199":{"start":{"line":433,"column":21},"end":{"line":435,"column":6}},"200":{"start":{"line":436,"column":4},"end":{"line":438,"column":5}},"201":{"start":{"line":437,"column":6},"end":{"line":437,"column":56}},"202":{"start":{"line":439,"column":4},"end":{"line":439,"column":27}},"203":{"start":{"line":443,"column":24},"end":{"line":474,"column":1}},"204":{"start":{"line":445,"column":21},"end":{"line":445,"column":60}},"205":{"start":{"line":446,"column":4},"end":{"line":448,"column":5}},"206":{"start":{"line":447,"column":6},"end":{"line":447,"column":61}},"207":{"start":{"line":449,"column":4},"end":{"line":449,"column":27}},"208":{"start":{"line":453,"column":21},"end":{"line":456,"column":6}},"209":{"start":{"line":457,"column":4},"end":{"line":460,"column":5}},"210":{"start":{"line":458,"column":20},"end":{"line":458,"column":59}},"211":{"start":{"line":458,"column":55},"end":{"line":458,"column":57}},"212":{"start":{"line":459,"column":6},"end":{"line":459,"column":72}},"213":{"start":{"line":461,"column":4},"end":{"line":461,"column":27}},"214":{"start":{"line":465,"column":21},"end":{"line":467,"column":6}},"215":{"start":{"line":468,"column":4},"end":{"line":471,"column":5}},"216":{"start":{"line":469,"column":20},"end":{"line":469,"column":59}},"217":{"start":{"line":469,"column":55},"end":{"line":469,"column":57}},"218":{"start":{"line":470,"column":6},"end":{"line":470,"column":70}},"219":{"start":{"line":472,"column":4},"end":{"line":472,"column":27}}},"fnMap":{"0":{"name":"(anonymous_0)","decl":{"start":{"line":14,"column":25},"end":{"line":14,"column":26}},"loc":{"start":{"line":14,"column":63},"end":{"line":24,"column":1}},"line":14},"1":{"name":"(anonymous_1)","decl":{"start":{"line":26,"column":24},"end":{"line":26,"column":25}},"loc":{"start":{"line":26,"column":47},"end":{"line":38,"column":1}},"line":26},"2":{"name":"(anonymous_2)","decl":{"start":{"line":40,"column":27},"end":{"line":40,"column":28}},"loc":{"start":{"line":40,"column":50},"end":{"line":50,"column":1}},"line":40},"3":{"name":"(anonymous_3)","decl":{"start":{"line":52,"column":27},"end":{"line":52,"column":28}},"loc":{"start":{"line":52,"column":77},"end":{"line":72,"column":1}},"line":52},"4":{"name":"(anonymous_4)","decl":{"start":{"line":76,"column":9},"end":{"line":76,"column":10}},"loc":{"start":{"line":76,"column":30},"end":{"line":100,"column":3}},"line":76},"5":{"name":"(anonymous_5)","decl":{"start":{"line":96,"column":52},"end":{"line":96,"column":53}},"loc":{"start":{"line":96,"column":59},"end":{"line":96,"column":61}},"line":96},"6":{"name":"(anonymous_6)","decl":{"start":{"line":102,"column":12},"end":{"line":102,"column":13}},"loc":{"start":{"line":102,"column":33},"end":{"line":121,"column":3}},"line":102},"7":{"name":"(anonymous_7)","decl":{"start":{"line":117,"column":52},"end":{"line":117,"column":53}},"loc":{"start":{"line":117,"column":59},"end":{"line":117,"column":61}},"line":117},"8":{"name":"(anonymous_8)","decl":{"start":{"line":123,"column":15},"end":{"line":123,"column":16}},"loc":{"start":{"line":123,"column":36},"end":{"line":140,"column":3}},"line":123},"9":{"name":"(anonymous_9)","decl":{"start":{"line":133,"column":54},"end":{"line":133,"column":55}},"loc":{"start":{"line":133,"column":61},"end":{"line":133,"column":63}},"line":133},"10":{"name":"(anonymous_10)","decl":{"start":{"line":145,"column":9},"end":{"line":145,"column":10}},"loc":{"start":{"line":145,"column":21},"end":{"line":151,"column":3}},"line":145},"11":{"name":"(anonymous_11)","decl":{"start":{"line":153,"column":17},"end":{"line":153,"column":18}},"loc":{"start":{"line":153,"column":54},"end":{"line":163,"column":3}},"line":153},"12":{"name":"(anonymous_12)","decl":{"start":{"line":159,"column":48},"end":{"line":159,"column":49}},"loc":{"start":{"line":159,"column":55},"end":{"line":159,"column":57}},"line":159},"13":{"name":"(anonymous_13)","decl":{"start":{"line":167,"column":15},"end":{"line":167,"column":16}},"loc":{"start":{"line":167,"column":27},"end":{"line":173,"column":3}},"line":167},"14":{"name":"(anonymous_14)","decl":{"start":{"line":175,"column":17},"end":{"line":175,"column":18}},"loc":{"start":{"line":175,"column":75},"end":{"line":185,"column":3}},"line":175},"15":{"name":"(anonymous_15)","decl":{"start":{"line":181,"column":48},"end":{"line":181,"column":49}},"loc":{"start":{"line":181,"column":55},"end":{"line":181,"column":57}},"line":181},"16":{"name":"(anonymous_16)","decl":{"start":{"line":187,"column":17},"end":{"line":187,"column":18}},"loc":{"start":{"line":187,"column":50},"end":{"line":197,"column":3}},"line":187},"17":{"name":"(anonymous_17)","decl":{"start":{"line":193,"column":48},"end":{"line":193,"column":49}},"loc":{"start":{"line":193,"column":55},"end":{"line":193,"column":57}},"line":193},"18":{"name":"(anonymous_18)","decl":{"start":{"line":199,"column":17},"end":{"line":199,"column":18}},"loc":{"start":{"line":199,"column":39},"end":{"line":207,"column":3}},"line":199},"19":{"name":"(anonymous_19)","decl":{"start":{"line":211,"column":15},"end":{"line":211,"column":16}},"loc":{"start":{"line":211,"column":27},"end":{"line":217,"column":3}},"line":211},"20":{"name":"(anonymous_20)","decl":{"start":{"line":219,"column":17},"end":{"line":219,"column":18}},"loc":{"start":{"line":219,"column":77},"end":{"line":229,"column":3}},"line":219},"21":{"name":"(anonymous_21)","decl":{"start":{"line":225,"column":48},"end":{"line":225,"column":49}},"loc":{"start":{"line":225,"column":55},"end":{"line":225,"column":57}},"line":225},"22":{"name":"(anonymous_22)","decl":{"start":{"line":231,"column":17},"end":{"line":231,"column":18}},"loc":{"start":{"line":231,"column":50},"end":{"line":241,"column":3}},"line":231},"23":{"name":"(anonymous_23)","decl":{"start":{"line":237,"column":48},"end":{"line":237,"column":49}},"loc":{"start":{"line":237,"column":55},"end":{"line":237,"column":57}},"line":237},"24":{"name":"(anonymous_24)","decl":{"start":{"line":243,"column":17},"end":{"line":243,"column":18}},"loc":{"start":{"line":243,"column":39},"end":{"line":251,"column":3}},"line":243},"25":{"name":"(anonymous_25)","decl":{"start":{"line":253,"column":26},"end":{"line":253,"column":27}},"loc":{"start":{"line":253,"column":56},"end":{"line":259,"column":3}},"line":253},"26":{"name":"(anonymous_26)","decl":{"start":{"line":261,"column":30},"end":{"line":261,"column":31}},"loc":{"start":{"line":261,"column":42},"end":{"line":267,"column":3}},"line":261},"27":{"name":"(anonymous_27)","decl":{"start":{"line":269,"column":24},"end":{"line":269,"column":25}},"loc":{"start":{"line":269,"column":54},"end":{"line":275,"column":3}},"line":269},"28":{"name":"(anonymous_28)","decl":{"start":{"line":279,"column":17},"end":{"line":279,"column":18}},"loc":{"start":{"line":287,"column":8},"end":{"line":297,"column":3}},"line":287},"29":{"name":"(anonymous_29)","decl":{"start":{"line":293,"column":48},"end":{"line":293,"column":49}},"loc":{"start":{"line":293,"column":55},"end":{"line":293,"column":57}},"line":293},"30":{"name":"(anonymous_30)","decl":{"start":{"line":299,"column":17},"end":{"line":299,"column":18}},"loc":{"start":{"line":299,"column":29},"end":{"line":305,"column":3}},"line":299},"31":{"name":"(anonymous_31)","decl":{"start":{"line":307,"column":22},"end":{"line":307,"column":23}},"loc":{"start":{"line":307,"column":52},"end":{"line":313,"column":3}},"line":307},"32":{"name":"(anonymous_32)","decl":{"start":{"line":315,"column":23},"end":{"line":315,"column":24}},"loc":{"start":{"line":315,"column":73},"end":{"line":324,"column":3}},"line":315},"33":{"name":"(anonymous_33)","decl":{"start":{"line":320,"column":48},"end":{"line":320,"column":49}},"loc":{"start":{"line":320,"column":55},"end":{"line":320,"column":57}},"line":320},"34":{"name":"(anonymous_34)","decl":{"start":{"line":326,"column":25},"end":{"line":326,"column":26}},"loc":{"start":{"line":326,"column":37},"end":{"line":332,"column":3}},"line":326},"35":{"name":"(anonymous_35)","decl":{"start":{"line":334,"column":21},"end":{"line":334,"column":22}},"loc":{"start":{"line":334,"column":74},"end":{"line":351,"column":3}},"line":334},"36":{"name":"(anonymous_36)","decl":{"start":{"line":347,"column":48},"end":{"line":347,"column":49}},"loc":{"start":{"line":347,"column":55},"end":{"line":347,"column":57}},"line":347},"37":{"name":"(anonymous_37)","decl":{"start":{"line":353,"column":25},"end":{"line":353,"column":26}},"loc":{"start":{"line":353,"column":55},"end":{"line":359,"column":3}},"line":353},"38":{"name":"(anonymous_38)","decl":{"start":{"line":361,"column":21},"end":{"line":361,"column":22}},"loc":{"start":{"line":361,"column":51},"end":{"line":369,"column":3}},"line":361},"39":{"name":"(anonymous_39)","decl":{"start":{"line":371,"column":25},"end":{"line":371,"column":26}},"loc":{"start":{"line":371,"column":53},"end":{"line":396,"column":3}},"line":371},"40":{"name":"(anonymous_40)","decl":{"start":{"line":392,"column":48},"end":{"line":392,"column":49}},"loc":{"start":{"line":392,"column":55},"end":{"line":392,"column":57}},"line":392},"41":{"name":"(anonymous_41)","decl":{"start":{"line":400,"column":17},"end":{"line":400,"column":18}},"loc":{"start":{"line":400,"column":47},"end":{"line":406,"column":3}},"line":400},"42":{"name":"(anonymous_42)","decl":{"start":{"line":408,"column":18},"end":{"line":408,"column":19}},"loc":{"start":{"line":408,"column":120},"end":{"line":418,"column":3}},"line":408},"43":{"name":"(anonymous_43)","decl":{"start":{"line":414,"column":48},"end":{"line":414,"column":49}},"loc":{"start":{"line":414,"column":55},"end":{"line":414,"column":57}},"line":414},"44":{"name":"(anonymous_44)","decl":{"start":{"line":420,"column":18},"end":{"line":420,"column":19}},"loc":{"start":{"line":420,"column":80},"end":{"line":430,"column":3}},"line":420},"45":{"name":"(anonymous_45)","decl":{"start":{"line":426,"column":48},"end":{"line":426,"column":49}},"loc":{"start":{"line":426,"column":55},"end":{"line":426,"column":57}},"line":426},"46":{"name":"(anonymous_46)","decl":{"start":{"line":432,"column":18},"end":{"line":432,"column":19}},"loc":{"start":{"line":432,"column":69},"end":{"line":440,"column":3}},"line":432},"47":{"name":"(anonymous_47)","decl":{"start":{"line":444,"column":15},"end":{"line":444,"column":16}},"loc":{"start":{"line":444,"column":27},"end":{"line":450,"column":3}},"line":444},"48":{"name":"(anonymous_48)","decl":{"start":{"line":452,"column":14},"end":{"line":452,"column":15}},"loc":{"start":{"line":452,"column":51},"end":{"line":462,"column":3}},"line":452},"49":{"name":"(anonymous_49)","decl":{"start":{"line":458,"column":48},"end":{"line":458,"column":49}},"loc":{"start":{"line":458,"column":55},"end":{"line":458,"column":57}},"line":458},"50":{"name":"(anonymous_50)","decl":{"start":{"line":464,"column":14},"end":{"line":464,"column":15}},"loc":{"start":{"line":464,"column":40},"end":{"line":473,"column":3}},"line":464},"51":{"name":"(anonymous_51)","decl":{"start":{"line":469,"column":48},"end":{"line":469,"column":49}},"loc":{"start":{"line":469,"column":55},"end":{"line":469,"column":57}},"line":469}},"branchMap":{"0":{"loc":{"start":{"line":8,"column":0},"end":{"line":10,"column":1}},"type":"if","locations":[{"start":{"line":8,"column":0},"end":{"line":10,"column":1}},{"start":{},"end":{}}],"line":8},"1":{"loc":{"start":{"line":12,"column":16},"end":{"line":12,"column":80}},"type":"binary-expr","locations":[{"start":{"line":12,"column":16},"end":{"line":12,"column":47}},{"start":{"line":12,"column":51},"end":{"line":12,"column":80}}],"line":12},"2":{"loc":{"start":{"line":16,"column":4},"end":{"line":20,"column":5}},"type":"if","locations":[{"start":{"line":16,"column":4},"end":{"line":20,"column":5}},{"start":{"line":18,"column":11},"end":{"line":20,"column":5}}],"line":16},"3":{"loc":{"start":{"line":28,"column":4},"end":{"line":33,"column":5}},"type":"if","locations":[{"start":{"line":28,"column":4},"end":{"line":33,"column":5}},{"start":{"line":31,"column":11},"end":{"line":33,"column":5}}],"line":28},"4":{"loc":{"start":{"line":30,"column":13},"end":{"line":30,"column":36}},"type":"cond-expr","locations":[{"start":{"line":30,"column":21},"end":{"line":30,"column":29}},{"start":{"line":30,"column":32},"end":{"line":30,"column":36}}],"line":30},"5":{"loc":{"start":{"line":42,"column":4},"end":{"line":46,"column":5}},"type":"if","locations":[{"start":{"line":42,"column":4},"end":{"line":46,"column":5}},{"start":{"line":44,"column":11},"end":{"line":46,"column":5}}],"line":42},"6":{"loc":{"start":{"line":52,"column":47},"end":{"line":52,"column":72}},"type":"default-arg","locations":[{"start":{"line":52,"column":70},"end":{"line":52,"column":72}}],"line":52},"7":{"loc":{"start":{"line":54,"column":30},"end":{"line":54,"column":51}},"type":"binary-expr","locations":[{"start":{"line":54,"column":30},"end":{"line":54,"column":45}},{"start":{"line":54,"column":49},"end":{"line":54,"column":51}}],"line":54},"8":{"loc":{"start":{"line":57,"column":2},"end":{"line":59,"column":3}},"type":"if","locations":[{"start":{"line":57,"column":2},"end":{"line":59,"column":3}},{"start":{},"end":{}}],"line":57},"9":{"loc":{"start":{"line":95,"column":4},"end":{"line":98,"column":5}},"type":"if","locations":[{"start":{"line":95,"column":4},"end":{"line":98,"column":5}},{"start":{},"end":{}}],"line":95},"10":{"loc":{"start":{"line":97,"column":22},"end":{"line":97,"column":61}},"type":"binary-expr","locations":[{"start":{"line":97,"column":22},"end":{"line":97,"column":38}},{"start":{"line":97,"column":42},"end":{"line":97,"column":61}}],"line":97},"11":{"loc":{"start":{"line":116,"column":4},"end":{"line":119,"column":5}},"type":"if","locations":[{"start":{"line":116,"column":4},"end":{"line":119,"column":5}},{"start":{},"end":{}}],"line":116},"12":{"loc":{"start":{"line":118,"column":22},"end":{"line":118,"column":64}},"type":"binary-expr","locations":[{"start":{"line":118,"column":22},"end":{"line":118,"column":38}},{"start":{"line":118,"column":42},"end":{"line":118,"column":64}}],"line":118},"13":{"loc":{"start":{"line":132,"column":4},"end":{"line":138,"column":5}},"type":"if","locations":[{"start":{"line":132,"column":4},"end":{"line":138,"column":5}},{"start":{},"end":{}}],"line":132},"14":{"loc":{"start":{"line":134,"column":29},"end":{"line":136,"column":28}},"type":"cond-expr","locations":[{"start":{"line":135,"column":12},"end":{"line":135,"column":44}},{"start":{"line":136,"column":12},"end":{"line":136,"column":28}}],"line":134},"15":{"loc":{"start":{"line":137,"column":24},"end":{"line":137,"column":66}},"type":"binary-expr","locations":[{"start":{"line":137,"column":24},"end":{"line":137,"column":36}},{"start":{"line":137,"column":40},"end":{"line":137,"column":66}}],"line":137},"16":{"loc":{"start":{"line":147,"column":4},"end":{"line":149,"column":5}},"type":"if","locations":[{"start":{"line":147,"column":4},"end":{"line":149,"column":5}},{"start":{},"end":{}}],"line":147},"17":{"loc":{"start":{"line":158,"column":4},"end":{"line":161,"column":5}},"type":"if","locations":[{"start":{"line":158,"column":4},"end":{"line":161,"column":5}},{"start":{},"end":{}}],"line":158},"18":{"loc":{"start":{"line":160,"column":22},"end":{"line":160,"column":69}},"type":"binary-expr","locations":[{"start":{"line":160,"column":22},"end":{"line":160,"column":34}},{"start":{"line":160,"column":38},"end":{"line":160,"column":69}}],"line":160},"19":{"loc":{"start":{"line":169,"column":4},"end":{"line":171,"column":5}},"type":"if","locations":[{"start":{"line":169,"column":4},"end":{"line":171,"column":5}},{"start":{},"end":{}}],"line":169},"20":{"loc":{"start":{"line":180,"column":4},"end":{"line":183,"column":5}},"type":"if","locations":[{"start":{"line":180,"column":4},"end":{"line":183,"column":5}},{"start":{},"end":{}}],"line":180},"21":{"loc":{"start":{"line":182,"column":22},"end":{"line":182,"column":70}},"type":"binary-expr","locations":[{"start":{"line":182,"column":22},"end":{"line":182,"column":34}},{"start":{"line":182,"column":38},"end":{"line":182,"column":70}}],"line":182},"22":{"loc":{"start":{"line":192,"column":4},"end":{"line":195,"column":5}},"type":"if","locations":[{"start":{"line":192,"column":4},"end":{"line":195,"column":5}},{"start":{},"end":{}}],"line":192},"23":{"loc":{"start":{"line":194,"column":22},"end":{"line":194,"column":71}},"type":"binary-expr","locations":[{"start":{"line":194,"column":22},"end":{"line":194,"column":34}},{"start":{"line":194,"column":38},"end":{"line":194,"column":71}}],"line":194},"24":{"loc":{"start":{"line":203,"column":4},"end":{"line":205,"column":5}},"type":"if","locations":[{"start":{"line":203,"column":4},"end":{"line":205,"column":5}},{"start":{},"end":{}}],"line":203},"25":{"loc":{"start":{"line":213,"column":4},"end":{"line":215,"column":5}},"type":"if","locations":[{"start":{"line":213,"column":4},"end":{"line":215,"column":5}},{"start":{},"end":{}}],"line":213},"26":{"loc":{"start":{"line":224,"column":4},"end":{"line":227,"column":5}},"type":"if","locations":[{"start":{"line":224,"column":4},"end":{"line":227,"column":5}},{"start":{},"end":{}}],"line":224},"27":{"loc":{"start":{"line":226,"column":22},"end":{"line":226,"column":69}},"type":"binary-expr","locations":[{"start":{"line":226,"column":22},"end":{"line":226,"column":34}},{"start":{"line":226,"column":38},"end":{"line":226,"column":69}}],"line":226},"28":{"loc":{"start":{"line":236,"column":4},"end":{"line":239,"column":5}},"type":"if","locations":[{"start":{"line":236,"column":4},"end":{"line":239,"column":5}},{"start":{},"end":{}}],"line":236},"29":{"loc":{"start":{"line":238,"column":22},"end":{"line":238,"column":70}},"type":"binary-expr","locations":[{"start":{"line":238,"column":22},"end":{"line":238,"column":34}},{"start":{"line":238,"column":38},"end":{"line":238,"column":70}}],"line":238},"30":{"loc":{"start":{"line":247,"column":4},"end":{"line":249,"column":5}},"type":"if","locations":[{"start":{"line":247,"column":4},"end":{"line":249,"column":5}},{"start":{},"end":{}}],"line":247},"31":{"loc":{"start":{"line":255,"column":4},"end":{"line":257,"column":5}},"type":"if","locations":[{"start":{"line":255,"column":4},"end":{"line":257,"column":5}},{"start":{},"end":{}}],"line":255},"32":{"loc":{"start":{"line":263,"column":4},"end":{"line":265,"column":5}},"type":"if","locations":[{"start":{"line":263,"column":4},"end":{"line":265,"column":5}},{"start":{},"end":{}}],"line":263},"33":{"loc":{"start":{"line":271,"column":4},"end":{"line":273,"column":5}},"type":"if","locations":[{"start":{"line":271,"column":4},"end":{"line":273,"column":5}},{"start":{},"end":{}}],"line":271},"34":{"loc":{"start":{"line":292,"column":4},"end":{"line":295,"column":5}},"type":"if","locations":[{"start":{"line":292,"column":4},"end":{"line":295,"column":5}},{"start":{},"end":{}}],"line":292},"35":{"loc":{"start":{"line":294,"column":22},"end":{"line":294,"column":65}},"type":"binary-expr","locations":[{"start":{"line":294,"column":22},"end":{"line":294,"column":34}},{"start":{"line":294,"column":38},"end":{"line":294,"column":65}}],"line":294},"36":{"loc":{"start":{"line":301,"column":4},"end":{"line":303,"column":5}},"type":"if","locations":[{"start":{"line":301,"column":4},"end":{"line":303,"column":5}},{"start":{},"end":{}}],"line":301},"37":{"loc":{"start":{"line":309,"column":4},"end":{"line":311,"column":5}},"type":"if","locations":[{"start":{"line":309,"column":4},"end":{"line":311,"column":5}},{"start":{},"end":{}}],"line":309},"38":{"loc":{"start":{"line":319,"column":4},"end":{"line":322,"column":5}},"type":"if","locations":[{"start":{"line":319,"column":4},"end":{"line":322,"column":5}},{"start":{},"end":{}}],"line":319},"39":{"loc":{"start":{"line":321,"column":22},"end":{"line":321,"column":83}},"type":"binary-expr","locations":[{"start":{"line":321,"column":22},"end":{"line":321,"column":34}},{"start":{"line":321,"column":38},"end":{"line":321,"column":83}}],"line":321},"40":{"loc":{"start":{"line":328,"column":4},"end":{"line":330,"column":5}},"type":"if","locations":[{"start":{"line":328,"column":4},"end":{"line":330,"column":5}},{"start":{},"end":{}}],"line":328},"41":{"loc":{"start":{"line":338,"column":4},"end":{"line":340,"column":5}},"type":"if","locations":[{"start":{"line":338,"column":4},"end":{"line":340,"column":5}},{"start":{},"end":{}}],"line":338},"42":{"loc":{"start":{"line":346,"column":4},"end":{"line":349,"column":5}},"type":"if","locations":[{"start":{"line":346,"column":4},"end":{"line":349,"column":5}},{"start":{},"end":{}}],"line":346},"43":{"loc":{"start":{"line":348,"column":22},"end":{"line":348,"column":75}},"type":"binary-expr","locations":[{"start":{"line":348,"column":22},"end":{"line":348,"column":34}},{"start":{"line":348,"column":38},"end":{"line":348,"column":75}}],"line":348},"44":{"loc":{"start":{"line":355,"column":4},"end":{"line":357,"column":5}},"type":"if","locations":[{"start":{"line":355,"column":4},"end":{"line":357,"column":5}},{"start":{},"end":{}}],"line":355},"45":{"loc":{"start":{"line":365,"column":4},"end":{"line":367,"column":5}},"type":"if","locations":[{"start":{"line":365,"column":4},"end":{"line":367,"column":5}},{"start":{},"end":{}}],"line":365},"46":{"loc":{"start":{"line":374,"column":4},"end":{"line":376,"column":5}},"type":"if","locations":[{"start":{"line":374,"column":4},"end":{"line":376,"column":5}},{"start":{},"end":{}}],"line":374},"47":{"loc":{"start":{"line":391,"column":4},"end":{"line":394,"column":5}},"type":"if","locations":[{"start":{"line":391,"column":4},"end":{"line":394,"column":5}},{"start":{},"end":{}}],"line":391},"48":{"loc":{"start":{"line":393,"column":22},"end":{"line":393,"column":81}},"type":"binary-expr","locations":[{"start":{"line":393,"column":22},"end":{"line":393,"column":34}},{"start":{"line":393,"column":38},"end":{"line":393,"column":81}}],"line":393},"49":{"loc":{"start":{"line":402,"column":4},"end":{"line":404,"column":5}},"type":"if","locations":[{"start":{"line":402,"column":4},"end":{"line":404,"column":5}},{"start":{},"end":{}}],"line":402},"50":{"loc":{"start":{"line":413,"column":4},"end":{"line":416,"column":5}},"type":"if","locations":[{"start":{"line":413,"column":4},"end":{"line":416,"column":5}},{"start":{},"end":{}}],"line":413},"51":{"loc":{"start":{"line":415,"column":22},"end":{"line":415,"column":67}},"type":"binary-expr","locations":[{"start":{"line":415,"column":22},"end":{"line":415,"column":34}},{"start":{"line":415,"column":38},"end":{"line":415,"column":67}}],"line":415},"52":{"loc":{"start":{"line":425,"column":4},"end":{"line":428,"column":5}},"type":"if","locations":[{"start":{"line":425,"column":4},"end":{"line":428,"column":5}},{"start":{},"end":{}}],"line":425},"53":{"loc":{"start":{"line":427,"column":22},"end":{"line":427,"column":72}},"type":"binary-expr","locations":[{"start":{"line":427,"column":22},"end":{"line":427,"column":34}},{"start":{"line":427,"column":38},"end":{"line":427,"column":72}}],"line":427},"54":{"loc":{"start":{"line":436,"column":4},"end":{"line":438,"column":5}},"type":"if","locations":[{"start":{"line":436,"column":4},"end":{"line":438,"column":5}},{"start":{},"end":{}}],"line":436},"55":{"loc":{"start":{"line":446,"column":4},"end":{"line":448,"column":5}},"type":"if","locations":[{"start":{"line":446,"column":4},"end":{"line":448,"column":5}},{"start":{},"end":{}}],"line":446},"56":{"loc":{"start":{"line":457,"column":4},"end":{"line":460,"column":5}},"type":"if","locations":[{"start":{"line":457,"column":4},"end":{"line":460,"column":5}},{"start":{},"end":{}}],"line":457},"57":{"loc":{"start":{"line":459,"column":22},"end":{"line":459,"column":70}},"type":"binary-expr","locations":[{"start":{"line":459,"column":22},"end":{"line":459,"column":34}},{"start":{"line":459,"column":38},"end":{"line":459,"column":70}}],"line":459},"58":{"loc":{"start":{"line":468,"column":4},"end":{"line":471,"column":5}},"type":"if","locations":[{"start":{"line":468,"column":4},"end":{"line":471,"column":5}},{"start":{},"end":{}}],"line":468},"59":{"loc":{"start":{"line":470,"column":22},"end":{"line":470,"column":68}},"type":"binary-expr","locations":[{"start":{"line":470,"column":22},"end":{"line":470,"column":34}},{"start":{"line":470,"column":38},"end":{"line":470,"column":68}}],"line":470}},"s":{"0":1,"1":1,"2":1,"3":1,"4":1,"5":0,"6":0,"7":0,"8":0,"9":0,"10":1,"11":4,"12":4,"13":0,"14":0,"15":4,"16":0,"17":0,"18":1,"19":0,"20":0,"21":0,"22":0,"23":0,"24":1,"25":4,"26":4,"27":4,"28":4,"29":4,"30":4,"31":4,"32":0,"33":4,"34":1,"35":0,"36":0,"37":0,"38":0,"39":0,"40":0,"41":0,"42":0,"43":0,"44":0,"45":0,"46":0,"47":0,"48":0,"49":0,"50":0,"51":0,"52":0,"53":0,"54":0,"55":0,"56":0,"57":0,"58":0,"59":0,"60":0,"61":1,"62":0,"63":0,"64":0,"65":0,"66":0,"67":0,"68":0,"69":0,"70":0,"71":0,"72":1,"73":0,"74":0,"75":0,"76":0,"77":0,"78":0,"79":0,"80":0,"81":0,"82":0,"83":0,"84":0,"85":0,"86":0,"87":0,"88":0,"89":0,"90":0,"91":0,"92":0,"93":1,"94":1,"95":1,"96":0,"97":1,"98":1,"99":1,"100":0,"101":0,"102":0,"103":1,"104":0,"105":0,"106":0,"107":0,"108":0,"109":0,"110":0,"111":0,"112":0,"113":0,"114":0,"115":0,"116":0,"117":0,"118":0,"119":0,"120":0,"121":0,"122":0,"123":0,"124":0,"125":0,"126":1,"127":0,"128":0,"129":0,"130":0,"131":0,"132":0,"133":2,"134":2,"135":1,"136":1,"137":0,"138":0,"139":0,"140":0,"141":0,"142":0,"143":0,"144":0,"145":0,"146":0,"147":0,"148":0,"149":0,"150":0,"151":0,"152":0,"153":0,"154":0,"155":0,"156":0,"157":0,"158":0,"159":0,"160":0,"161":0,"162":0,"163":0,"164":0,"165":0,"166":0,"167":0,"168":0,"169":0,"170":0,"171":0,"172":0,"173":0,"174":0,"175":0,"176":0,"177":0,"178":0,"179":0,"180":0,"181":0,"182":1,"183":0,"184":0,"185":0,"186":0,"187":0,"188":0,"189":0,"190":0,"191":0,"192":0,"193":0,"194":0,"195":0,"196":0,"197":0,"198":0,"199":0,"200":0,"201":0,"202":0,"203":1,"204":0,"205":0,"206":0,"207":0,"208":0,"209":0,"210":0,"211":0,"212":0,"213":0,"214":0,"215":0,"216":0,"217":0,"218":0,"219":0},"f":{"0":0,"1":4,"2":0,"3":4,"4":0,"5":0,"6":0,"7":0,"8":0,"9":0,"10":0,"11":0,"12":0,"13":0,"14":0,"15":0,"16":0,"17":0,"18":0,"19":1,"20":1,"21":0,"22":0,"23":0,"24":0,"25":0,"26":0,"27":0,"28":0,"29":0,"30":2,"31":0,"32":0,"33":0,"34":0,"35":0,"36":0,"37":0,"38":0,"39":0,"40":0,"41":0,"42":0,"43":0,"44":0,"45":0,"46":0,"47":0,"48":0,"49":0,"50":0,"51":0},"b":{"0":[1,0],"1":[1,1],"2":[0,0],"3":[0,4],"4":[0,0],"5":[0,0],"6":[3],"7":[4,4],"8":[4,0],"9":[0,0],"10":[0,0],"11":[0,0],"12":[0,0],"13":[0,0],"14":[0,0],"15":[0,0],"16":[0,0],"17":[0,0],"18":[0,0],"19":[0,0],"20":[0,0],"21":[0,0],"22":[0,0],"23":[0,0],"24":[0,0],"25":[0,1],"26":[0,1],"27":[0,0],"28":[0,0],"29":[0,0],"30":[0,0],"31":[0,0],"32":[0,0],"33":[0,0],"34":[0,0],"35":[0,0],"36":[1,1],"37":[0,0],"38":[0,0],"39":[0,0],"40":[0,0],"41":[0,0],"42":[0,0],"43":[0,0],"44":[0,0],"45":[0,0],"46":[0,0],"47":[0,0],"48":[0,0],"49":[0,0],"50":[0,0],"51":[0,0],"52":[0,0],"53":[0,0],"54":[0,0],"55":[0,0],"56":[0,0],"57":[0,0],"58":[0,0],"59":[0,0]},"_coverageSchema":"1a1c01bbd47fc00a2c39e90264f33305004495a9","hash":"e97c2d15d2f852be3601a614b1a78c29e15b75ab"}
,"C:\\Users\\Leonardo Morabito\\Documents\\Repos\\ParkFinder\\Frontend\\src\\theme\\theme.ts": {"path":"C:\\Users\\Leonardo Morabito\\Documents\\Repos\\ParkFinder\\Frontend\\src\\theme\\theme.ts","statementMap":{"0":{"start":{"line":1,"column":21},"end":{"line":43,"column":1}}},"fnMap":{},"branchMap":{},"s":{"0":3},"f":{},"b":{},"_coverageSchema":"1a1c01bbd47fc00a2c39e90264f33305004495a9","hash":"b9f9b67e2a8d11edae2f015f3c7699d81293012e"}
,"C:\\Users\\Leonardo Morabito\\Documents\\Repos\\ParkFinder\\Frontend\\src\\utils\\formatters.ts": {"path":"C:\\Users\\Leonardo Morabito\\Documents\\Repos\\ParkFinder\\Frontend\\src\\utils\\formatters.ts","statementMap":{"0":{"start":{"line":11,"column":30},"end":{"line":23,"column":1}},"1":{"start":{"line":12,"column":16},"end":{"line":12,"column":72}},"2":{"start":{"line":14,"column":2},"end":{"line":14,"column":54}},"3":{"start":{"line":14,"column":20},"end":{"line":14,"column":54}},"4":{"start":{"line":16,"column":20},"end":{"line":20,"column":18}},"5":{"start":{"line":22,"column":2},"end":{"line":22,"column":53}},"6":{"start":{"line":29,"column":26},"end":{"line":36,"column":1}},"7":{"start":{"line":30,"column":12},"end":{"line":30,"column":60}},"8":{"start":{"line":31,"column":2},"end":{"line":35,"column":5}}},"fnMap":{"0":{"name":"(anonymous_0)","decl":{"start":{"line":11,"column":30},"end":{"line":11,"column":31}},"loc":{"start":{"line":11,"column":98},"end":{"line":23,"column":1}},"line":11},"1":{"name":"(anonymous_1)","decl":{"start":{"line":29,"column":26},"end":{"line":29,"column":27}},"loc":{"start":{"line":29,"column":59},"end":{"line":36,"column":1}},"line":29}},"branchMap":{"0":{"loc":{"start":{"line":11,"column":56},"end":{"line":11,"column":85}},"type":"default-arg","locations":[{"start":{"line":11,"column":81},"end":{"line":11,"column":85}}],"line":11},"1":{"loc":{"start":{"line":12,"column":16},"end":{"line":12,"column":72}},"type":"cond-expr","locations":[{"start":{"line":12,"column":45},"end":{"line":12,"column":63}},{"start":{"line":12,"column":66},"end":{"line":12,"column":72}}],"line":12},"2":{"loc":{"start":{"line":14,"column":2},"end":{"line":14,"column":54}},"type":"if","locations":[{"start":{"line":14,"column":2},"end":{"line":14,"column":54}},{"start":{},"end":{}}],"line":14},"3":{"loc":{"start":{"line":14,"column":27},"end":{"line":14,"column":53}},"type":"cond-expr","locations":[{"start":{"line":14,"column":43},"end":{"line":14,"column":47}},{"start":{"line":14,"column":50},"end":{"line":14,"column":53}}],"line":14},"4":{"loc":{"start":{"line":22,"column":9},"end":{"line":22,"column":52}},"type":"cond-expr","locations":[{"start":{"line":22,"column":25},"end":{"line":22,"column":40}},{"start":{"line":22,"column":43},"end":{"line":22,"column":52}}],"line":22},"5":{"loc":{"start":{"line":30,"column":12},"end":{"line":30,"column":60}},"type":"cond-expr","locations":[{"start":{"line":30,"column":39},"end":{"line":30,"column":53}},{"start":{"line":30,"column":56},"end":{"line":30,"column":60}}],"line":30}},"s":{"0":2,"1":9,"2":9,"3":2,"4":7,"5":7,"6":2,"7":2,"8":2},"f":{"0":9,"1":2},"b":{"0":[4],"1":[3,6],"2":[2,7],"3":[1,1],"4":[6,1],"5":[1,1]},"_coverageSchema":"1a1c01bbd47fc00a2c39e90264f33305004495a9","hash":"9832e3a66f7a84cc7f1b9e69d55280d1d7cef2bf"}
}
