TN:
SF:src\components\CustomButton.tsx
FN:14,(anonymous_0)
FN:22,(anonymous_1)
FNF:2
FNH:2
FNDA:5,(anonymous_0)
FNDA:5,(anonymous_1)
DA:14,1
DA:22,5
DA:23,5
DA:24,1
DA:25,1
DA:28,4
DA:29,4
DA:30,4
DA:32,4
DA:35,5
DA:36,1
DA:48,4
DA:49,1
DA:61,3
DA:80,1
LF:15
LH:15
BRDA:18,0,0,2
BRDA:19,1,0,4
BRDA:23,2,0,1
BRDA:23,2,1,4
BRDA:24,3,0,1
BRDA:24,3,1,0
BRDA:29,4,0,1
BRDA:29,4,1,3
BRDA:30,5,0,1
BRDA:30,5,1,3
BRDA:35,6,0,1
BRDA:35,6,1,4
BRDA:48,7,0,1
BRDA:48,7,1,3
BRF:14
BRH:13
end_of_record
TN:
SF:src\hooks\useSocialAuth.ts
FN:24,(anonymous_0)
FN:36,(anonymous_1)
FN:42,(anonymous_2)
FN:68,(anonymous_3)
FN:117,(anonymous_4)
FNF:5
FNH:4
FNDA:7,(anonymous_0)
FNDA:4,(anonymous_1)
FNDA:0,(anonymous_2)
FNDA:1,(anonymous_3)
FNDA:3,(anonymous_4)
DA:9,1
DA:14,1
DA:15,1
DA:21,0
DA:24,1
DA:25,7
DA:26,7
DA:27,7
DA:30,7
DA:36,7
DA:37,4
DA:38,0
DA:42,7
DA:43,0
DA:44,0
DA:45,0
DA:46,0
DA:49,0
DA:51,0
DA:61,0
DA:62,0
DA:64,0
DA:68,7
DA:70,1
DA:71,0
DA:72,0
DA:73,0
DA:74,0
DA:76,0
DA:77,0
DA:78,0
DA:88,0
DA:89,0
DA:91,0
DA:93,0
DA:94,0
DA:96,0
DA:97,0
DA:100,0
DA:101,0
DA:104,0
DA:108,1
DA:109,0
DA:110,0
DA:112,1
DA:117,7
DA:118,3
DA:119,0
DA:120,0
DA:122,3
DA:123,3
DA:124,3
DA:131,1
DA:132,1
DA:133,1
DA:135,1
DA:145,2
DA:146,1
DA:147,1
DA:150,3
DA:154,7
LF:61
LH:29
BRDA:31,0,0,7
BRDA:31,0,1,7
BRDA:32,1,0,7
BRDA:32,1,1,7
BRDA:33,2,0,7
BRDA:33,2,1,7
BRDA:37,3,0,0
BRDA:37,3,1,4
BRDA:56,4,0,0
BRDA:56,4,1,0
BRDA:57,5,0,0
BRDA:57,5,1,0
BRDA:70,6,0,0
BRDA:70,6,1,1
BRDA:70,7,0,1
BRDA:70,7,1,1
BRDA:76,8,0,0
BRDA:76,8,1,0
BRDA:83,9,0,0
BRDA:83,9,1,0
BRDA:84,10,0,0
BRDA:84,10,1,0
BRDA:88,11,0,0
BRDA:88,11,1,0
BRDA:88,12,0,0
BRDA:88,12,1,0
BRDA:89,13,0,0
BRDA:89,13,1,0
BRDA:91,14,0,0
BRDA:91,14,1,0
BRDA:93,15,0,0
BRDA:93,15,1,0
BRDA:108,16,0,0
BRDA:108,16,1,1
BRDA:118,17,0,0
BRDA:118,17,1,3
BRDA:131,18,0,1
BRDA:131,18,1,0
BRDA:132,19,0,1
BRDA:132,19,1,0
BRDA:133,20,0,1
BRDA:133,20,1,0
BRDA:145,21,0,1
BRDA:145,21,1,1
BRF:44
BRH:17
end_of_record
TN:
SF:src\navigation\AppNavigator.tsx
FN:21,(anonymous_0)
FNF:1
FNH:1
FNDA:1,(anonymous_0)
DA:19,1
DA:21,1
DA:22,1
LF:3
LH:3
BRF:0
BRH:0
end_of_record
TN:
SF:src\screens\main\MyBookingsScreen.tsx
FN:10,(anonymous_0)
FN:16,(anonymous_1)
FN:20,(anonymous_2)
FN:32,(anonymous_3)
FN:36,(anonymous_4)
FN:41,(anonymous_5)
FN:50,(anonymous_6)
FN:69,(anonymous_7)
FN:73,(anonymous_8)
FN:79,(anonymous_9)
FN:96,(anonymous_10)
FN:159,(anonymous_11)
FN:173,(anonymous_12)
FN:183,(anonymous_13)
FN:191,(anonymous_14)
FN:206,(anonymous_15)
FNF:16
FNH:12
FNDA:8,(anonymous_0)
FNDA:4,(anonymous_1)
FNDA:3,(anonymous_2)
FNDA:4,(anonymous_3)
FNDA:0,(anonymous_4)
FNDA:1,(anonymous_5)
FNDA:0,(anonymous_6)
FNDA:8,(anonymous_7)
FNDA:8,(anonymous_8)
FNDA:4,(anonymous_9)
FNDA:4,(anonymous_10)
FNDA:1,(anonymous_11)
FNDA:0,(anonymous_12)
FNDA:0,(anonymous_13)
FNDA:1,(anonymous_14)
FNDA:7,(anonymous_15)
DA:10,1
DA:11,8
DA:12,8
DA:13,8
DA:14,8
DA:16,8
DA:17,4
DA:18,4
DA:20,3
DA:21,3
DA:23,3
DA:25,0
DA:27,3
DA:28,3
DA:32,8
DA:33,4
DA:36,8
DA:37,0
DA:38,0
DA:41,8
DA:42,1
DA:51,0
DA:52,0
DA:53,0
DA:54,0
DA:55,0
DA:57,0
DA:58,0
DA:60,0
DA:69,8
DA:70,8
DA:73,8
DA:74,8
DA:77,8
DA:79,8
DA:80,4
DA:82,0
DA:84,3
DA:86,1
DA:88,0
DA:90,0
DA:92,0
DA:96,8
DA:97,4
DA:98,4
DA:99,4
DA:101,4
DA:159,1
DA:169,8
DA:173,0
DA:183,0
DA:191,1
DA:206,7
DA:233,1
LF:54
LH:37
BRDA:57,0,0,0
BRDA:57,0,1,0
BRDA:57,0,2,0
BRDA:70,1,0,8
BRDA:70,1,1,4
BRDA:74,2,0,8
BRDA:74,2,1,4
BRDA:77,3,0,7
BRDA:77,3,1,1
BRDA:80,4,0,0
BRDA:80,4,1,3
BRDA:80,4,2,1
BRDA:80,4,3,0
BRDA:80,4,4,0
BRDA:80,4,5,0
BRDA:107,5,0,0
BRDA:107,5,1,4
BRDA:145,6,0,4
BRDA:145,6,1,4
BRDA:156,7,0,4
BRDA:156,7,1,3
BRDA:182,8,0,8
BRDA:182,8,1,7
BRDA:185,9,0,8
BRDA:185,9,1,7
BRDA:190,10,0,8
BRDA:190,10,1,1
BRDA:193,11,0,8
BRDA:193,11,1,1
BRDA:199,12,0,4
BRDA:199,12,1,4
BRDA:216,13,0,3
BRDA:216,13,1,1
BRDA:221,14,0,3
BRDA:221,14,1,1
BRF:35
BRH:27
end_of_record
TN:
SF:src\services\api.ts
FN:14,(anonymous_0)
FN:26,(anonymous_1)
FN:39,(anonymous_2)
FN:51,(anonymous_3)
FN:70,(anonymous_4)
FN:85,(anonymous_5)
FN:91,(anonymous_6)
FN:101,(anonymous_7)
FN:107,(anonymous_8)
FN:117,(anonymous_9)
FN:129,(anonymous_10)
FN:137,(anonymous_11)
FN:143,(anonymous_12)
FN:151,(anonymous_13)
FN:159,(anonymous_14)
FN:165,(anonymous_15)
FN:171,(anonymous_16)
FN:177,(anonymous_17)
FN:183,(anonymous_18)
FN:195,(anonymous_19)
FN:203,(anonymous_20)
FN:209,(anonymous_21)
FN:215,(anonymous_22)
FN:221,(anonymous_23)
FN:227,(anonymous_24)
FN:237,(anonymous_25)
FN:245,(anonymous_26)
FN:253,(anonymous_27)
FN:263,(anonymous_28)
FN:277,(anonymous_29)
FN:283,(anonymous_30)
FN:291,(anonymous_31)
FN:299,(anonymous_32)
FN:304,(anonymous_33)
FN:310,(anonymous_34)
FN:318,(anonymous_35)
FN:331,(anonymous_36)
FN:337,(anonymous_37)
FN:345,(anonymous_38)
FN:355,(anonymous_39)
FN:376,(anonymous_40)
FN:384,(anonymous_41)
FN:392,(anonymous_42)
FN:398,(anonymous_43)
FN:404,(anonymous_44)
FN:410,(anonymous_45)
FN:416,(anonymous_46)
FN:428,(anonymous_47)
FN:436,(anonymous_48)
FN:442,(anonymous_49)
FN:448,(anonymous_50)
FN:453,(anonymous_51)
FNF:52
FNH:5
FNDA:0,(anonymous_0)
FNDA:4,(anonymous_1)
FNDA:0,(anonymous_2)
FNDA:4,(anonymous_3)
FNDA:0,(anonymous_4)
FNDA:0,(anonymous_5)
FNDA:0,(anonymous_6)
FNDA:0,(anonymous_7)
FNDA:0,(anonymous_8)
FNDA:0,(anonymous_9)
FNDA:0,(anonymous_10)
FNDA:0,(anonymous_11)
FNDA:0,(anonymous_12)
FNDA:0,(anonymous_13)
FNDA:0,(anonymous_14)
FNDA:0,(anonymous_15)
FNDA:0,(anonymous_16)
FNDA:0,(anonymous_17)
FNDA:0,(anonymous_18)
FNDA:1,(anonymous_19)
FNDA:1,(anonymous_20)
FNDA:0,(anonymous_21)
FNDA:0,(anonymous_22)
FNDA:0,(anonymous_23)
FNDA:0,(anonymous_24)
FNDA:0,(anonymous_25)
FNDA:0,(anonymous_26)
FNDA:0,(anonymous_27)
FNDA:0,(anonymous_28)
FNDA:0,(anonymous_29)
FNDA:2,(anonymous_30)
FNDA:0,(anonymous_31)
FNDA:0,(anonymous_32)
FNDA:0,(anonymous_33)
FNDA:0,(anonymous_34)
FNDA:0,(anonymous_35)
FNDA:0,(anonymous_36)
FNDA:0,(anonymous_37)
FNDA:0,(anonymous_38)
FNDA:0,(anonymous_39)
FNDA:0,(anonymous_40)
FNDA:0,(anonymous_41)
FNDA:0,(anonymous_42)
FNDA:0,(anonymous_43)
FNDA:0,(anonymous_44)
FNDA:0,(anonymous_45)
FNDA:0,(anonymous_46)
FNDA:0,(anonymous_47)
FNDA:0,(anonymous_48)
FNDA:0,(anonymous_49)
FNDA:0,(anonymous_50)
FNDA:0,(anonymous_51)
DA:7,1
DA:8,1
DA:9,1
DA:12,1
DA:14,1
DA:15,0
DA:16,0
DA:17,0
DA:19,0
DA:22,0
DA:26,1
DA:27,4
DA:28,4
DA:29,0
DA:31,4
DA:34,0
DA:35,0
DA:39,1
DA:40,0
DA:41,0
DA:42,0
DA:44,0
DA:47,0
DA:51,1
DA:52,4
DA:53,4
DA:55,4
DA:56,4
DA:57,4
DA:60,4
DA:65,4
DA:69,1
DA:72,0
DA:73,0
DA:74,0
DA:76,0
DA:84,0
DA:85,0
DA:86,0
DA:88,0
DA:92,0
DA:100,0
DA:101,0
DA:102,0
DA:104,0
DA:108,0
DA:116,0
DA:117,0
DA:118,0
DA:121,0
DA:123,0
DA:128,1
DA:130,0
DA:131,0
DA:132,0
DA:134,0
DA:138,0
DA:142,0
DA:143,0
DA:144,0
DA:146,0
DA:150,1
DA:152,0
DA:153,0
DA:154,0
DA:156,0
DA:160,0
DA:164,0
DA:165,0
DA:166,0
DA:168,0
DA:172,0
DA:176,0
DA:177,0
DA:178,0
DA:180,0
DA:184,0
DA:187,0
DA:188,0
DA:190,0
DA:194,1
DA:196,1
DA:197,1
DA:198,0
DA:200,1
DA:204,1
DA:208,1
DA:209,0
DA:210,0
DA:212,1
DA:216,0
DA:220,0
DA:221,0
DA:222,0
DA:224,0
DA:228,0
DA:231,0
DA:232,0
DA:234,0
DA:238,0
DA:239,0
DA:240,0
DA:242,0
DA:246,0
DA:247,0
DA:248,0
DA:250,0
DA:254,0
DA:255,0
DA:256,0
DA:258,0
DA:262,1
DA:272,0
DA:276,0
DA:277,0
DA:278,0
DA:280,0
DA:284,2
DA:285,2
DA:286,1
DA:288,1
DA:292,0
DA:293,0
DA:294,0
DA:296,0
DA:300,0
DA:303,0
DA:304,0
DA:305,0
DA:307,0
DA:311,0
DA:312,0
DA:313,0
DA:315,0
DA:319,0
DA:320,0
DA:321,0
DA:322,0
DA:323,0
DA:325,0
DA:330,0
DA:331,0
DA:332,0
DA:334,0
DA:338,0
DA:339,0
DA:340,0
DA:342,0
DA:346,0
DA:349,0
DA:350,0
DA:352,0
DA:356,0
DA:357,0
DA:358,0
DA:359,0
DA:362,0
DA:363,0
DA:369,0
DA:375,0
DA:376,0
DA:377,0
DA:379,0
DA:383,1
DA:385,0
DA:386,0
DA:387,0
DA:389,0
DA:393,0
DA:397,0
DA:398,0
DA:399,0
DA:401,0
DA:405,0
DA:409,0
DA:410,0
DA:411,0
DA:413,0
DA:417,0
DA:420,0
DA:421,0
DA:423,0
DA:427,1
DA:429,0
DA:430,0
DA:431,0
DA:433,0
DA:437,0
DA:441,0
DA:442,0
DA:443,0
DA:445,0
DA:449,0
DA:452,0
DA:453,0
DA:454,0
DA:456,0
LF:197
LH:35
BRDA:8,0,0,1
BRDA:8,0,1,0
BRDA:12,1,0,1
BRDA:12,1,1,1
BRDA:16,2,0,0
BRDA:16,2,1,0
BRDA:28,3,0,0
BRDA:28,3,1,4
BRDA:41,4,0,0
BRDA:41,4,1,0
BRDA:51,5,0,3
BRDA:53,6,0,4
BRDA:53,6,1,4
BRDA:56,7,0,4
BRDA:56,7,1,0
BRDA:84,8,0,0
BRDA:84,8,1,0
BRDA:86,9,0,0
BRDA:86,9,1,0
BRDA:100,10,0,0
BRDA:100,10,1,0
BRDA:102,11,0,0
BRDA:102,11,1,0
BRDA:116,12,0,0
BRDA:116,12,1,0
BRDA:118,13,0,0
BRDA:118,13,1,0
BRDA:121,14,0,0
BRDA:121,14,1,0
BRDA:131,15,0,0
BRDA:131,15,1,0
BRDA:142,16,0,0
BRDA:142,16,1,0
BRDA:144,17,0,0
BRDA:144,17,1,0
BRDA:153,18,0,0
BRDA:153,18,1,0
BRDA:164,19,0,0
BRDA:164,19,1,0
BRDA:166,20,0,0
BRDA:166,20,1,0
BRDA:176,21,0,0
BRDA:176,21,1,0
BRDA:178,22,0,0
BRDA:178,22,1,0
BRDA:187,23,0,0
BRDA:187,23,1,0
BRDA:197,24,0,0
BRDA:197,24,1,1
BRDA:208,25,0,0
BRDA:208,25,1,1
BRDA:210,26,0,0
BRDA:210,26,1,0
BRDA:220,27,0,0
BRDA:220,27,1,0
BRDA:222,28,0,0
BRDA:222,28,1,0
BRDA:231,29,0,0
BRDA:231,29,1,0
BRDA:239,30,0,0
BRDA:239,30,1,0
BRDA:247,31,0,0
BRDA:247,31,1,0
BRDA:255,32,0,0
BRDA:255,32,1,0
BRDA:276,33,0,0
BRDA:276,33,1,0
BRDA:278,34,0,0
BRDA:278,34,1,0
BRDA:285,35,0,1
BRDA:285,35,1,1
BRDA:293,36,0,0
BRDA:293,36,1,0
BRDA:303,37,0,0
BRDA:303,37,1,0
BRDA:305,38,0,0
BRDA:305,38,1,0
BRDA:312,39,0,0
BRDA:312,39,1,0
BRDA:322,40,0,0
BRDA:322,40,1,0
BRDA:330,41,0,0
BRDA:330,41,1,0
BRDA:332,42,0,0
BRDA:332,42,1,0
BRDA:339,43,0,0
BRDA:339,43,1,0
BRDA:349,44,0,0
BRDA:349,44,1,0
BRDA:358,45,0,0
BRDA:358,45,1,0
BRDA:375,46,0,0
BRDA:375,46,1,0
BRDA:377,47,0,0
BRDA:377,47,1,0
BRDA:386,48,0,0
BRDA:386,48,1,0
BRDA:397,49,0,0
BRDA:397,49,1,0
BRDA:399,50,0,0
BRDA:399,50,1,0
BRDA:409,51,0,0
BRDA:409,51,1,0
BRDA:411,52,0,0
BRDA:411,52,1,0
BRDA:420,53,0,0
BRDA:420,53,1,0
BRDA:430,54,0,0
BRDA:430,54,1,0
BRDA:441,55,0,0
BRDA:441,55,1,0
BRDA:443,56,0,0
BRDA:443,56,1,0
BRDA:452,57,0,0
BRDA:452,57,1,0
BRDA:454,58,0,0
BRDA:454,58,1,0
BRF:117
BRH:12
end_of_record
TN:
SF:src\theme\theme.ts
FNF:0
FNH:0
DA:1,3
LF:1
LH:1
BRF:0
BRH:0
end_of_record
TN:
SF:src\utils\formatters.ts
FN:11,(anonymous_0)
FN:29,(anonymous_1)
FNF:2
FNH:2
FNDA:9,(anonymous_0)
FNDA:2,(anonymous_1)
DA:11,2
DA:12,9
DA:14,9
DA:16,7
DA:22,7
DA:29,2
DA:30,2
DA:31,2
LF:8
LH:8
BRDA:11,0,0,4
BRDA:12,1,0,3
BRDA:12,1,1,6
BRDA:14,2,0,2
BRDA:14,2,1,7
BRDA:14,3,0,1
BRDA:14,3,1,1
BRDA:22,4,0,6
BRDA:22,4,1,1
BRDA:30,5,0,1
BRDA:30,5,1,1
BRF:11
BRH:11
end_of_record
